{"meta": {"format": 3, "version": "7.13.5", "timestamp": "2026-04-18T21:00:04.474646", "branch_coverage": false, "show_contexts": false}, "files": {"src/Synaptipy/core/__init__.py": {"executed_lines": [10, 13], "summary": {"covered_lines": 2, "num_statements": 2, "percent_covered": 100.0, "percent_covered_display": "100", "missing_lines": 0, "excluded_lines": 0, "percent_statements_covered": 100.0, "percent_statements_covered_display": "100"}, "missing_lines": [], "excluded_lines": [], "functions": {"": {"executed_lines": [10, 13], "summary": {"covered_lines": 2, "num_statements": 2, "percent_covered": 100.0, "percent_covered_display": "100", "missing_lines": 0, "excluded_lines": 0, "percent_statements_covered": 100.0, "percent_statements_covered_display": "100"}, "missing_lines": [], "excluded_lines": [], "start_line": 1}}, "classes": {"": {"executed_lines": [10, 13], "summary": {"covered_lines": 2, "num_statements": 2, "percent_covered": 100.0, "percent_covered_display": "100", "missing_lines": 0, "excluded_lines": 0, "percent_statements_covered": 100.0, "percent_statements_covered_display": "100"}, "missing_lines": [], "excluded_lines": [], "start_line": 1}}}, "src/Synaptipy/core/analysis/__init__.py": {"executed_lines": [14, 15, 16, 17, 18, 19, 20, 23, 26, 29, 30, 31, 34], "summary": {"covered_lines": 13, "num_statements": 13, "percent_covered": 100.0, "percent_covered_display": "100", "missing_lines": 0, "excluded_lines": 0, "percent_statements_covered": 100.0, "percent_statements_covered_display": "100"}, "missing_lines": [], "excluded_lines": [], "functions": {"": {"executed_lines": [14, 15, 16, 17, 18, 19, 20, 23, 26, 29, 30, 31, 34], "summary": {"covered_lines": 13, "num_statements": 13, "percent_covered": 100.0, "percent_covered_display": "100", "missing_lines": 0, "excluded_lines": 0, "percent_statements_covered": 100.0, "percent_statements_covered_display": "100"}, "missing_lines": [], "excluded_lines": [], "start_line": 1}}, "classes": {"": {"executed_lines": [14, 15, 16, 17, 18, 19, 20, 23, 26, 29, 30, 31, 34], "summary": {"covered_lines": 13, "num_statements": 13, "percent_covered": 100.0, "percent_covered_display": "100", "missing_lines": 0, "excluded_lines": 0, "percent_statements_covered": 100.0, "percent_statements_covered_display": "100"}, "missing_lines": [], "excluded_lines": [], "start_line": 1}}}, "src/Synaptipy/core/analysis/batch_engine.py": {"executed_lines": [22, 23, 24, 25, 26, 27, 28, 29, 31, 32, 35, 36, 37, 38, 40, 45, 60, 68, 78, 105, 116, 117, 118, 119, 122, 124, 126, 127, 129, 140, 141, 142, 143, 144, 146, 147, 152, 153, 160, 162, 163, 173, 174, 175, 177, 187, 188, 194, 195, 196, 197, 198, 199, 200, 202, 203, 205, 206, 207, 208, 209, 215, 217, 218, 220, 221, 222, 228, 229, 230, 232, 233, 245, 247, 248, 249, 250, 251, 252, 253, 255, 258, 259, 260, 262, 264, 265, 272, 273, 274, 275, 276, 277, 278, 279, 280, 281, 282, 283, 285, 286, 288, 289, 291, 294, 297, 300, 303, 304, 306, 307, 309, 310, 322, 323, 324, 325, 326, 327, 328, 329, 330, 331, 337, 443, 468, 469, 472, 473, 474, 477, 483, 485, 493, 494, 497, 499, 501, 507, 508, 509, 511, 513, 514, 515, 516, 517, 519, 520, 523, 524, 533, 534, 535, 536, 537, 544, 545, 548, 549, 550, 551, 556, 559, 562, 565, 567, 568, 572, 573, 576, 580, 583, 590, 591, 594, 596, 605, 609, 610, 611, 613, 616, 657, 658, 659, 661, 662, 663, 665, 668, 669, 670, 671, 673, 675, 691, 692, 693, 696, 697, 700, 701, 714, 715, 722, 723, 726, 775, 776, 777, 778, 779, 780, 781, 782, 783, 784, 785, 786, 787, 791, 810, 823, 824, 825, 827, 832, 834, 835, 836, 837, 838, 839, 840, 841, 844, 857, 906, 908, 910, 912, 913, 915, 917, 918, 919, 921, 932, 933, 934, 936, 943, 945, 947, 948, 949, 950, 961, 965, 975, 977, 979, 980, 982, 987, 989, 991, 992, 993, 1012], "summary": {"covered_lines": 271, "num_statements": 444, "percent_covered": 61.03603603603604, "percent_covered_display": "61", "missing_lines": 173, "excluded_lines": 0, "percent_statements_covered": 61.03603603603604, "percent_statements_covered_display": "61"}, "missing_lines": [120, 353, 354, 358, 359, 361, 362, 363, 365, 367, 368, 371, 372, 374, 375, 377, 378, 379, 385, 387, 388, 389, 390, 391, 393, 394, 395, 396, 397, 398, 399, 408, 409, 411, 412, 413, 416, 417, 418, 419, 420, 421, 422, 423, 424, 425, 426, 427, 428, 432, 433, 434, 436, 437, 438, 439, 440, 441, 478, 481, 502, 503, 504, 505, 525, 526, 529, 540, 541, 542, 557, 592, 606, 617, 618, 624, 634, 635, 636, 638, 641, 642, 643, 651, 702, 703, 728, 729, 730, 733, 736, 737, 741, 742, 743, 745, 746, 747, 750, 751, 752, 755, 756, 757, 760, 761, 763, 765, 766, 767, 768, 770, 771, 772, 792, 793, 794, 795, 796, 798, 799, 801, 803, 804, 805, 806, 807, 808, 811, 812, 813, 815, 816, 818, 820, 821, 828, 829, 830, 845, 859, 865, 867, 868, 869, 874, 875, 876, 878, 879, 882, 883, 886, 887, 889, 890, 891, 966, 967, 968, 970, 971, 973, 983, 984, 1035, 1036, 1039, 1041, 1042, 1043, 1049, 1051], "excluded_lines": [], "functions": {"BatchAnalysisEngine.__init__": {"executed_lines": [116, 117, 118, 119, 122], "summary": {"covered_lines": 5, "num_statements": 6, "percent_covered": 83.33333333333333, "percent_covered_display": "83", "missing_lines": 1, "excluded_lines": 0, "percent_statements_covered": 83.33333333333333, "percent_statements_covered_display": "83"}, "missing_lines": [120], "excluded_lines": [], "start_line": 105}, "BatchAnalysisEngine.cancel": {"executed_lines": [126, 127], "summary": {"covered_lines": 2, "num_statements": 2, "percent_covered": 100.0, "percent_covered_display": "100", "missing_lines": 0, "excluded_lines": 0, "percent_statements_covered": 100.0, "percent_statements_covered_display": "100"}, "missing_lines": [], "excluded_lines": [], "start_line": 124}, "BatchAnalysisEngine.update_performance_settings": {"executed_lines": [140, 141, 142, 143, 144, 146, 147], "summary": {"covered_lines": 7, "num_statements": 7, "percent_covered": 100.0, "percent_covered_display": "100", "missing_lines": 0, "excluded_lines": 0, "percent_statements_covered": 100.0, "percent_statements_covered_display": "100"}, "missing_lines": [], "excluded_lines": [], "start_line": 129}, "BatchAnalysisEngine.list_available_analyses": {"executed_lines": [160], "summary": {"covered_lines": 1, "num_statements": 1, "percent_covered": 100.0, "percent_covered_display": "100", "missing_lines": 0, "excluded_lines": 0, "percent_statements_covered": 100.0, "percent_statements_covered_display": "100"}, "missing_lines": [], "excluded_lines": [], "start_line": 153}, "BatchAnalysisEngine.get_analysis_info": {"executed_lines": [173, 174, 175, 177], "summary": {"covered_lines": 4, "num_statements": 4, "percent_covered": 100.0, "percent_covered_display": "100", "missing_lines": 0, "excluded_lines": 0, "percent_statements_covered": 100.0, "percent_statements_covered_display": "100"}, "missing_lines": [], "excluded_lines": [], "start_line": 163}, "BatchAnalysisEngine._sanitise_value": {"executed_lines": [194, 195, 196, 197, 198, 199, 200], "summary": {"covered_lines": 7, "num_statements": 7, "percent_covered": 100.0, "percent_covered_display": "100", "missing_lines": 0, "excluded_lines": 0, "percent_statements_covered": 100.0, "percent_statements_covered_display": "100"}, "missing_lines": [], "excluded_lines": [], "start_line": 188}, "BatchAnalysisEngine._sanitise_ndarray": {"executed_lines": [205, 206, 207, 208, 209, 215], "summary": {"covered_lines": 6, "num_statements": 6, "percent_covered": 100.0, "percent_covered_display": "100", "missing_lines": 0, "excluded_lines": 0, "percent_statements_covered": 100.0, "percent_statements_covered_display": "100"}, "missing_lines": [], "excluded_lines": [], "start_line": 203}, "BatchAnalysisEngine._sanitise_long_list": {"executed_lines": [220, 221, 222, 228, 229, 230], "summary": {"covered_lines": 6, "num_statements": 6, "percent_covered": 100.0, "percent_covered_display": "100", "missing_lines": 0, "excluded_lines": 0, "percent_statements_covered": 100.0, "percent_statements_covered_display": "100"}, "missing_lines": [], "excluded_lines": [], "start_line": 218}, "BatchAnalysisEngine._sanitise_result_for_export": {"executed_lines": [245, 247, 248, 249, 250, 251, 252, 253, 255, 258, 259, 260, 262], "summary": {"covered_lines": 13, "num_statements": 13, "percent_covered": 100.0, "percent_covered_display": "100", "missing_lines": 0, "excluded_lines": 0, "percent_statements_covered": 100.0, "percent_statements_covered_display": "100"}, "missing_lines": [], "excluded_lines": [], "start_line": 233}, "BatchAnalysisEngine._recording_metadata": {"executed_lines": [272, 273, 274, 275, 276, 277, 278, 279, 280, 281, 282, 283], "summary": {"covered_lines": 12, "num_statements": 12, "percent_covered": 100.0, "percent_covered_display": "100", "missing_lines": 0, "excluded_lines": 0, "percent_statements_covered": 100.0, "percent_statements_covered_display": "100"}, "missing_lines": [], "excluded_lines": [], "start_line": 265}, "BatchAnalysisEngine._order_columns": {"executed_lines": [288, 289, 291, 294, 297, 300, 303, 304, 306, 307], "summary": {"covered_lines": 10, "num_statements": 10, "percent_covered": 100.0, "percent_covered_display": "100", "missing_lines": 0, "excluded_lines": 0, "percent_statements_covered": 100.0, "percent_statements_covered_display": "100"}, "missing_lines": [], "excluded_lines": [], "start_line": 286}, "BatchAnalysisEngine._append_batch_error_log": {"executed_lines": [322, 323, 324, 325, 326, 327, 328, 329, 330, 331], "summary": {"covered_lines": 10, "num_statements": 10, "percent_covered": 100.0, "percent_covered_display": "100", "missing_lines": 0, "excluded_lines": 0, "percent_statements_covered": 100.0, "percent_statements_covered_display": "100"}, "missing_lines": [], "excluded_lines": [], "start_line": 310}, "BatchAnalysisEngine._run_batch_parallel": {"executed_lines": [], "summary": {"covered_lines": 0, "num_statements": 57, "percent_covered": 0.0, "percent_covered_display": "0", "missing_lines": 57, "excluded_lines": 0, "percent_statements_covered": 0.0, "percent_statements_covered_display": "0"}, "missing_lines": [353, 354, 358, 359, 361, 362, 363, 365, 367, 368, 371, 372, 374, 375, 377, 378, 379, 385, 387, 388, 389, 390, 391, 393, 394, 395, 396, 397, 398, 399, 408, 409, 411, 412, 413, 416, 417, 418, 419, 420, 421, 422, 423, 424, 425, 426, 427, 428, 432, 433, 434, 436, 437, 438, 439, 440, 441], "excluded_lines": [], "start_line": 337}, "BatchAnalysisEngine.run_batch": {"executed_lines": [468, 469, 472, 473, 474, 477, 483], "summary": {"covered_lines": 7, "num_statements": 9, "percent_covered": 77.77777777777777, "percent_covered_display": "78", "missing_lines": 2, "excluded_lines": 0, "percent_statements_covered": 77.77777777777777, "percent_statements_covered_display": "78"}, "missing_lines": [478, 481], "excluded_lines": [], "start_line": 443}, "BatchAnalysisEngine._run_batch_sequential": {"executed_lines": [493, 494, 497, 499, 501, 507, 508, 509, 511, 513, 514, 515, 516, 517, 519, 520, 523, 524, 533, 534, 535, 536, 537, 544, 545, 548, 549, 550, 551, 556, 559, 562, 565, 567, 568, 572, 573, 576, 580, 583, 590, 591, 594, 596, 605, 609, 610, 611, 613, 616, 657, 658, 659, 661, 662, 663, 665, 668, 669, 670, 671, 673], "summary": {"covered_lines": 62, "num_statements": 86, "percent_covered": 72.09302325581395, "percent_covered_display": "72", "missing_lines": 24, "excluded_lines": 0, "percent_statements_covered": 72.09302325581395, "percent_statements_covered_display": "72"}, "missing_lines": [502, 503, 504, 505, 525, 526, 529, 540, 541, 542, 557, 592, 606, 617, 618, 624, 634, 635, 636, 638, 641, 642, 643, 651], "excluded_lines": [], "start_line": 485}, "BatchAnalysisEngine._process_task": {"executed_lines": [691, 692, 693, 696, 697, 700, 701, 714, 715, 722, 723, 726, 775, 776, 777, 778, 779, 780, 781, 782, 783, 784, 785, 786, 787, 791, 810, 823, 824, 825, 827, 832, 834, 835, 836, 837, 838, 839, 840, 841, 844, 857, 906, 908, 910, 912, 913, 915, 917, 918, 919, 921, 932, 933, 934, 936, 943, 945, 947, 948, 949, 950, 961, 965, 975, 977, 979, 980, 982, 987, 989, 991, 992, 993], "summary": {"covered_lines": 74, "num_statements": 155, "percent_covered": 47.74193548387097, "percent_covered_display": "48", "missing_lines": 81, "excluded_lines": 0, "percent_statements_covered": 47.74193548387097, "percent_statements_covered_display": "48"}, "missing_lines": [702, 703, 728, 729, 730, 733, 736, 737, 741, 742, 743, 745, 746, 747, 750, 751, 752, 755, 756, 757, 760, 761, 763, 765, 766, 767, 768, 770, 771, 772, 792, 793, 794, 795, 796, 798, 799, 801, 803, 804, 805, 806, 807, 808, 811, 812, 813, 815, 816, 818, 820, 821, 828, 829, 830, 845, 859, 865, 867, 868, 869, 874, 875, 876, 878, 879, 882, 883, 886, 887, 889, 890, 891, 966, 967, 968, 970, 971, 973, 983, 984], "excluded_lines": [], "start_line": 675}, "_worker_process_file": {"executed_lines": [], "summary": {"covered_lines": 0, "num_statements": 8, "percent_covered": 0.0, "percent_covered_display": "0", "missing_lines": 8, "excluded_lines": 0, "percent_statements_covered": 0.0, "percent_statements_covered_display": "0"}, "missing_lines": [1035, 1036, 1039, 1041, 1042, 1043, 1049, 1051], "excluded_lines": [], "start_line": 1012}, "": {"executed_lines": [22, 23, 24, 25, 26, 27, 28, 29, 31, 32, 35, 36, 37, 38, 40, 45, 60, 68, 78, 105, 124, 129, 152, 153, 162, 163, 187, 188, 202, 203, 217, 218, 232, 233, 264, 265, 285, 286, 309, 310, 337, 443, 485, 675, 1012], "summary": {"covered_lines": 45, "num_statements": 45, "percent_covered": 100.0, "percent_covered_display": "100", "missing_lines": 0, "excluded_lines": 0, "percent_statements_covered": 100.0, "percent_statements_covered_display": "100"}, "missing_lines": [], "excluded_lines": [], "start_line": 1}}, "classes": {"BatchAnalysisEngine": {"executed_lines": [116, 117, 118, 119, 122, 126, 127, 140, 141, 142, 143, 144, 146, 147, 160, 173, 174, 175, 177, 194, 195, 196, 197, 198, 199, 200, 205, 206, 207, 208, 209, 215, 220, 221, 222, 228, 229, 230, 245, 247, 248, 249, 250, 251, 252, 253, 255, 258, 259, 260, 262, 272, 273, 274, 275, 276, 277, 278, 279, 280, 281, 282, 283, 288, 289, 291, 294, 297, 300, 303, 304, 306, 307, 322, 323, 324, 325, 326, 327, 328, 329, 330, 331, 468, 469, 472, 473, 474, 477, 483, 493, 494, 497, 499, 501, 507, 508, 509, 511, 513, 514, 515, 516, 517, 519, 520, 523, 524, 533, 534, 535, 536, 537, 544, 545, 548, 549, 550, 551, 556, 559, 562, 565, 567, 568, 572, 573, 576, 580, 583, 590, 591, 594, 596, 605, 609, 610, 611, 613, 616, 657, 658, 659, 661, 662, 663, 665, 668, 669, 670, 671, 673, 691, 692, 693, 696, 697, 700, 701, 714, 715, 722, 723, 726, 775, 776, 777, 778, 779, 780, 781, 782, 783, 784, 785, 786, 787, 791, 810, 823, 824, 825, 827, 832, 834, 835, 836, 837, 838, 839, 840, 841, 844, 857, 906, 908, 910, 912, 913, 915, 917, 918, 919, 921, 932, 933, 934, 936, 943, 945, 947, 948, 949, 950, 961, 965, 975, 977, 979, 980, 982, 987, 989, 991, 992, 993], "summary": {"covered_lines": 226, "num_statements": 391, "percent_covered": 57.80051150895141, "percent_covered_display": "58", "missing_lines": 165, "excluded_lines": 0, "percent_statements_covered": 57.80051150895141, "percent_statements_covered_display": "58"}, "missing_lines": [120, 353, 354, 358, 359, 361, 362, 363, 365, 367, 368, 371, 372, 374, 375, 377, 378, 379, 385, 387, 388, 389, 390, 391, 393, 394, 395, 396, 397, 398, 399, 408, 409, 411, 412, 413, 416, 417, 418, 419, 420, 421, 422, 423, 424, 425, 426, 427, 428, 432, 433, 434, 436, 437, 438, 439, 440, 441, 478, 481, 502, 503, 504, 505, 525, 526, 529, 540, 541, 542, 557, 592, 606, 617, 618, 624, 634, 635, 636, 638, 641, 642, 643, 651, 702, 703, 728, 729, 730, 733, 736, 737, 741, 742, 743, 745, 746, 747, 750, 751, 752, 755, 756, 757, 760, 761, 763, 765, 766, 767, 768, 770, 771, 772, 792, 793, 794, 795, 796, 798, 799, 801, 803, 804, 805, 806, 807, 808, 811, 812, 813, 815, 816, 818, 820, 821, 828, 829, 830, 845, 859, 865, 867, 868, 869, 874, 875, 876, 878, 879, 882, 883, 886, 887, 889, 890, 891, 966, 967, 968, 970, 971, 973, 983, 984], "excluded_lines": [], "start_line": 78}, "": {"executed_lines": [22, 23, 24, 25, 26, 27, 28, 29, 31, 32, 35, 36, 37, 38, 40, 45, 60, 68, 78, 105, 124, 129, 152, 153, 162, 163, 187, 188, 202, 203, 217, 218, 232, 233, 264, 265, 285, 286, 309, 310, 337, 443, 485, 675, 1012], "summary": {"covered_lines": 45, "num_statements": 53, "percent_covered": 84.90566037735849, "percent_covered_display": "85", "missing_lines": 8, "excluded_lines": 0, "percent_statements_covered": 84.90566037735849, "percent_statements_covered_display": "85"}, "missing_lines": [1035, 1036, 1039, 1041, 1042, 1043, 1049, 1051], "excluded_lines": [], "start_line": 1}}}, "src/Synaptipy/core/analysis/epoch_manager.py": {"executed_lines": [15, 16, 17, 19, 21, 23, 31, 32, 43, 44, 45, 46, 47, 49, 50, 52, 54, 56, 58, 59, 70, 92, 94, 95, 101, 102, 104, 106, 107, 109, 111, 112, 114, 115, 121, 136, 137, 138, 145, 146, 147, 149, 176, 177, 178, 180, 182, 183, 184, 186, 187, 188, 189, 192, 193, 195, 198, 199, 201, 204, 207, 208, 211, 212, 213, 214, 216, 217, 223, 225, 226, 227, 228, 229, 231, 233, 239, 254, 256, 257, 259, 260, 261, 262, 263, 265, 266, 267, 269, 275, 288], "summary": {"covered_lines": 91, "num_statements": 99, "percent_covered": 91.91919191919192, "percent_covered_display": "92", "missing_lines": 8, "excluded_lines": 0, "percent_statements_covered": 91.91919191919192, "percent_statements_covered_display": "92"}, "missing_lines": [281, 282, 283, 284, 285, 286, 290, 291], "excluded_lines": [], "functions": {"Epoch.duration": {"executed_lines": [52], "summary": {"covered_lines": 1, "num_statements": 1, "percent_covered": 100.0, "percent_covered_display": "100", "missing_lines": 0, "excluded_lines": 0, "percent_statements_covered": 100.0, "percent_statements_covered_display": "100"}, "missing_lines": [], "excluded_lines": [], "start_line": 50}, "Epoch.contains": {"executed_lines": [56], "summary": {"covered_lines": 1, "num_statements": 1, "percent_covered": 100.0, "percent_covered_display": "100", "missing_lines": 0, "excluded_lines": 0, "percent_statements_covered": 100.0, "percent_statements_covered_display": "100"}, "missing_lines": [], "excluded_lines": [], "start_line": 54}, "Epoch.__repr__": {"executed_lines": [59], "summary": {"covered_lines": 1, "num_statements": 1, "percent_covered": 100.0, "percent_covered_display": "100", "missing_lines": 0, "excluded_lines": 0, "percent_statements_covered": 100.0, "percent_statements_covered_display": "100"}, "missing_lines": [], "excluded_lines": [], "start_line": 58}, "EpochManager.__init__": {"executed_lines": [95], "summary": {"covered_lines": 1, "num_statements": 1, "percent_covered": 100.0, "percent_covered_display": "100", "missing_lines": 0, "excluded_lines": 0, "percent_statements_covered": 100.0, "percent_statements_covered_display": "100"}, "missing_lines": [], "excluded_lines": [], "start_line": 94}, "EpochManager.epochs": {"executed_lines": [104], "summary": {"covered_lines": 1, "num_statements": 1, "percent_covered": 100.0, "percent_covered_display": "100", "missing_lines": 0, "excluded_lines": 0, "percent_statements_covered": 100.0, "percent_statements_covered_display": "100"}, "missing_lines": [], "excluded_lines": [], "start_line": 102}, "EpochManager.epoch_names": {"executed_lines": [109], "summary": {"covered_lines": 1, "num_statements": 1, "percent_covered": 100.0, "percent_covered_display": "100", "missing_lines": 0, "excluded_lines": 0, "percent_statements_covered": 100.0, "percent_statements_covered_display": "100"}, "missing_lines": [], "excluded_lines": [], "start_line": 107}, "EpochManager.__len__": {"executed_lines": [112], "summary": {"covered_lines": 1, "num_statements": 1, "percent_covered": 100.0, "percent_covered_display": "100", "missing_lines": 0, "excluded_lines": 0, "percent_statements_covered": 100.0, "percent_statements_covered_display": "100"}, "missing_lines": [], "excluded_lines": [], "start_line": 111}, "EpochManager.__repr__": {"executed_lines": [115], "summary": {"covered_lines": 1, "num_statements": 1, "percent_covered": 100.0, "percent_covered_display": "100", "missing_lines": 0, "excluded_lines": 0, "percent_statements_covered": 100.0, "percent_statements_covered_display": "100"}, "missing_lines": [], "excluded_lines": [], "start_line": 114}, "EpochManager.add_manual_epoch": {"executed_lines": [136, 137, 138, 145, 146, 147], "summary": {"covered_lines": 6, "num_statements": 6, "percent_covered": 100.0, "percent_covered_display": "100", "missing_lines": 0, "excluded_lines": 0, "percent_statements_covered": 100.0, "percent_statements_covered_display": "100"}, "missing_lines": [], "excluded_lines": [], "start_line": 121}, "EpochManager.from_ttl": {"executed_lines": [176, 177, 178, 180, 182, 183, 184, 186, 187, 188, 189, 192, 193, 195, 198, 199, 201, 204, 207, 208, 211, 212, 213, 214, 216, 217], "summary": {"covered_lines": 26, "num_statements": 26, "percent_covered": 100.0, "percent_covered_display": "100", "missing_lines": 0, "excluded_lines": 0, "percent_statements_covered": 100.0, "percent_statements_covered_display": "100"}, "missing_lines": [], "excluded_lines": [], "start_line": 149}, "EpochManager.get_epoch": {"executed_lines": [225, 226, 227, 228, 229], "summary": {"covered_lines": 5, "num_statements": 5, "percent_covered": 100.0, "percent_covered_display": "100", "missing_lines": 0, "excluded_lines": 0, "percent_statements_covered": 100.0, "percent_statements_covered_display": "100"}, "missing_lines": [], "excluded_lines": [], "start_line": 223}, "EpochManager.epochs_at_time": {"executed_lines": [233], "summary": {"covered_lines": 1, "num_statements": 1, "percent_covered": 100.0, "percent_covered_display": "100", "missing_lines": 0, "excluded_lines": 0, "percent_statements_covered": 100.0, "percent_statements_covered_display": "100"}, "missing_lines": [], "excluded_lines": [], "start_line": 231}, "EpochManager.get_epoch_slices": {"executed_lines": [254, 256, 257, 259, 260, 261, 262, 263, 265, 266, 267, 269], "summary": {"covered_lines": 12, "num_statements": 12, "percent_covered": 100.0, "percent_covered_display": "100", "missing_lines": 0, "excluded_lines": 0, "percent_statements_covered": 100.0, "percent_statements_covered_display": "100"}, "missing_lines": [], "excluded_lines": [], "start_line": 239}, "EpochManager.remove_epoch": {"executed_lines": [], "summary": {"covered_lines": 0, "num_statements": 6, "percent_covered": 0.0, "percent_covered_display": "0", "missing_lines": 6, "excluded_lines": 0, "percent_statements_covered": 0.0, "percent_statements_covered_display": "0"}, "missing_lines": [281, 282, 283, 284, 285, 286], "excluded_lines": [], "start_line": 275}, "EpochManager.clear": {"executed_lines": [], "summary": {"covered_lines": 0, "num_statements": 2, "percent_covered": 0.0, "percent_covered_display": "0", "missing_lines": 2, "excluded_lines": 0, "percent_statements_covered": 0.0, "percent_statements_covered_display": "0"}, "missing_lines": [290, 291], "excluded_lines": [], "start_line": 288}, "": {"executed_lines": [15, 16, 17, 19, 21, 23, 31, 32, 43, 44, 45, 46, 47, 49, 50, 54, 58, 70, 92, 94, 101, 102, 106, 107, 111, 114, 121, 149, 223, 231, 239, 275, 288], "summary": {"covered_lines": 33, "num_statements": 33, "percent_covered": 100.0, "percent_covered_display": "100", "missing_lines": 0, "excluded_lines": 0, "percent_statements_covered": 100.0, "percent_statements_covered_display": "100"}, "missing_lines": [], "excluded_lines": [], "start_line": 1}}, "classes": {"Epoch": {"executed_lines": [52, 56, 59], "summary": {"covered_lines": 3, "num_statements": 3, "percent_covered": 100.0, "percent_covered_display": "100", "missing_lines": 0, "excluded_lines": 0, "percent_statements_covered": 100.0, "percent_statements_covered_display": "100"}, "missing_lines": [], "excluded_lines": [], "start_line": 32}, "EpochManager": {"executed_lines": [95, 104, 109, 112, 115, 136, 137, 138, 145, 146, 147, 176, 177, 178, 180, 182, 183, 184, 186, 187, 188, 189, 192, 193, 195, 198, 199, 201, 204, 207, 208, 211, 212, 213, 214, 216, 217, 225, 226, 227, 228, 229, 233, 254, 256, 257, 259, 260, 261, 262, 263, 265, 266, 267, 269], "summary": {"covered_lines": 55, "num_statements": 63, "percent_covered": 87.3015873015873, "percent_covered_display": "87", "missing_lines": 8, "excluded_lines": 0, "percent_statements_covered": 87.3015873015873, "percent_statements_covered_display": "87"}, "missing_lines": [281, 282, 283, 284, 285, 286, 290, 291], "excluded_lines": [], "start_line": 70}, "": {"executed_lines": [15, 16, 17, 19, 21, 23, 31, 32, 43, 44, 45, 46, 47, 49, 50, 54, 58, 70, 92, 94, 101, 102, 106, 107, 111, 114, 121, 149, 223, 231, 239, 275, 288], "summary": {"covered_lines": 33, "num_statements": 33, "percent_covered": 100.0, "percent_covered_display": "100", "missing_lines": 0, "excluded_lines": 0, "percent_statements_covered": 100.0, "percent_statements_covered_display": "100"}, "missing_lines": [], "excluded_lines": [], "start_line": 1}}}, "src/Synaptipy/core/analysis/evoked_responses.py": {"executed_lines": [17, 18, 19, 21, 22, 24, 25, 26, 27, 29, 37, 38, 41, 42, 43, 44, 45, 46, 47, 48, 49, 50, 52, 70, 82, 83, 85, 87, 88, 89, 90, 91, 92, 93, 105, 106, 107, 108, 110, 111, 113, 114, 115, 118, 120, 121, 122, 123, 131, 151, 154, 155, 157, 165, 166, 167, 168, 170, 171, 172, 173, 174, 175, 177, 181, 182, 183, 184, 186, 187, 188, 190, 212, 273, 283, 287, 289, 290, 292, 293, 294, 295, 296, 297, 298, 299, 301, 307, 308, 309, 310, 312, 313, 314, 315, 321, 322, 323, 325, 330, 331, 333, 334, 335, 337, 338, 339, 352, 353, 355, 356, 357, 359, 360, 361, 363, 364, 381, 382, 384, 385, 386, 392, 393, 394, 397, 399, 403, 404, 408, 410, 411, 413, 421, 565, 573, 574, 575, 576, 577, 579, 581, 582, 583, 584, 585, 588, 589, 591, 592, 593, 594, 595, 602, 603, 605, 607, 608, 609, 610, 611, 612, 621, 624, 627, 628, 630, 631, 635, 643, 649, 650, 651, 652, 653, 654, 655, 656, 657, 658, 659, 660, 661, 663, 666, 667, 668, 669, 672, 674, 698, 780, 827, 842], "summary": {"covered_lines": 194, "num_statements": 245, "percent_covered": 79.18367346938776, "percent_covered_display": "79", "missing_lines": 51, "excluded_lines": 0, "percent_statements_covered": 79.18367346938776, "percent_statements_covered_display": "79"}, "missing_lines": [53, 54, 55, 56, 57, 62, 94, 95, 103, 152, 158, 284, 285, 311, 317, 318, 326, 327, 341, 342, 343, 344, 345, 346, 347, 348, 349, 350, 373, 387, 388, 389, 401, 406, 622, 632, 633, 644, 662, 664, 787, 788, 789, 790, 791, 792, 793, 794, 796, 809, 844], "excluded_lines": [], "functions": {"OptoSyncResult.__repr__": {"executed_lines": [], "summary": {"covered_lines": 0, "num_statements": 6, "percent_covered": 0.0, "percent_covered_display": "0", "missing_lines": 6, "excluded_lines": 0, "percent_statements_covered": 0.0, "percent_statements_covered_display": "0"}, "missing_lines": [53, 54, 55, 56, 57, 62], "excluded_lines": [], "start_line": 52}, "extract_ttl_epochs": {"executed_lines": [82, 83, 85, 87, 88, 89, 90, 91, 92, 93, 105, 106, 107, 108, 110, 111, 113, 114, 115], "summary": {"covered_lines": 19, "num_statements": 22, "percent_covered": 86.36363636363636, "percent_covered_display": "86", "missing_lines": 3, "excluded_lines": 0, "percent_statements_covered": 86.36363636363636, "percent_statements_covered_display": "86"}, "missing_lines": [94, 95, 103], "excluded_lines": [], "start_line": 70}, "_find_spikes_in_window": {"executed_lines": [120, 121, 122, 123], "summary": {"covered_lines": 4, "num_statements": 4, "percent_covered": 100.0, "percent_covered_display": "100", "missing_lines": 0, "excluded_lines": 0, "percent_statements_covered": 100.0, "percent_statements_covered_display": "100"}, "missing_lines": [], "excluded_lines": [], "start_line": 118}, "calculate_optogenetic_sync": {"executed_lines": [151, 154, 155, 157, 165, 166, 167, 168, 170, 171, 172, 173, 174, 175, 177, 181, 182, 183, 184, 186, 187, 188, 190], "summary": {"covered_lines": 23, "num_statements": 25, "percent_covered": 92.0, "percent_covered_display": "92", "missing_lines": 2, "excluded_lines": 0, "percent_statements_covered": 92.0, "percent_statements_covered_display": "92"}, "missing_lines": [152, 158], "excluded_lines": [], "start_line": 131}, "calculate_paired_pulse_ratio": {"executed_lines": [273, 283, 287, 289, 292, 301, 321, 322, 323, 325, 330, 333, 334, 335, 337, 338, 339, 352, 353, 355, 356, 357, 359, 360, 361, 363, 364, 381, 382, 384, 385, 386, 392, 393, 394, 397, 399, 403, 404, 408, 410, 411, 413], "summary": {"covered_lines": 43, "num_statements": 63, "percent_covered": 68.25396825396825, "percent_covered_display": "68", "missing_lines": 20, "excluded_lines": 0, "percent_statements_covered": 68.25396825396825, "percent_statements_covered_display": "68"}, "missing_lines": [284, 285, 326, 327, 341, 342, 343, 344, 345, 346, 347, 348, 349, 350, 373, 387, 388, 389, 401, 406], "excluded_lines": [], "start_line": 212}, "calculate_paired_pulse_ratio._nearest_idx": {"executed_lines": [290], "summary": {"covered_lines": 1, "num_statements": 1, "percent_covered": 100.0, "percent_covered_display": "100", "missing_lines": 0, "excluded_lines": 0, "percent_statements_covered": 100.0, "percent_statements_covered_display": "100"}, "missing_lines": [], "excluded_lines": [], "start_line": 289}, "calculate_paired_pulse_ratio._local_baseline": {"executed_lines": [293, 294, 295, 296, 297, 298, 299], "summary": {"covered_lines": 7, "num_statements": 7, "percent_covered": 100.0, "percent_covered_display": "100", "missing_lines": 0, "excluded_lines": 0, "percent_statements_covered": 100.0, "percent_statements_covered_display": "100"}, "missing_lines": [], "excluded_lines": [], "start_line": 292}, "calculate_paired_pulse_ratio._response_peak": {"executed_lines": [307, 308, 309, 310, 312, 313, 314, 315], "summary": {"covered_lines": 8, "num_statements": 11, "percent_covered": 72.72727272727273, "percent_covered_display": "73", "missing_lines": 3, "excluded_lines": 0, "percent_statements_covered": 72.72727272727273, "percent_statements_covered_display": "73"}, "missing_lines": [311, 317, 318], "excluded_lines": [], "start_line": 301}, "calculate_paired_pulse_ratio._mono_exp": {"executed_lines": [331], "summary": {"covered_lines": 1, "num_statements": 1, "percent_covered": 100.0, "percent_covered_display": "100", "missing_lines": 0, "excluded_lines": 0, "percent_statements_covered": 100.0, "percent_statements_covered_display": "100"}, "missing_lines": [], "excluded_lines": [], "start_line": 330}, "run_opto_sync_wrapper": {"executed_lines": [573, 574, 575, 576, 577, 579, 581, 582, 583, 584, 585, 588, 589, 591, 592, 593, 594, 595, 602, 603, 605, 607, 608, 609, 610, 611, 612, 621, 624, 627, 628, 630, 631, 635, 643, 649, 650, 651, 652, 653, 654, 655, 656, 657, 658, 659, 660, 661, 663, 666, 667, 668, 669, 672, 674], "summary": {"covered_lines": 55, "num_statements": 61, "percent_covered": 90.1639344262295, "percent_covered_display": "90", "missing_lines": 6, "excluded_lines": 0, "percent_statements_covered": 90.1639344262295, "percent_statements_covered_display": "90"}, "missing_lines": [622, 632, 633, 644, 662, 664], "excluded_lines": [], "start_line": 565}, "run_ppr_wrapper": {"executed_lines": [], "summary": {"covered_lines": 0, "num_statements": 10, "percent_covered": 0.0, "percent_covered_display": "0", "missing_lines": 10, "excluded_lines": 0, "percent_statements_covered": 0.0, "percent_statements_covered_display": "0"}, "missing_lines": [787, 788, 789, 790, 791, 792, 793, 794, 796, 809], "excluded_lines": [], "start_line": 780}, "evoked_responses_module": {"executed_lines": [], "summary": {"covered_lines": 0, "num_statements": 1, "percent_covered": 0.0, "percent_covered_display": "0", "missing_lines": 1, "excluded_lines": 0, "percent_statements_covered": 0.0, "percent_statements_covered_display": "0"}, "missing_lines": [844], "excluded_lines": [], "start_line": 842}, "": {"executed_lines": [17, 18, 19, 21, 22, 24, 25, 26, 27, 29, 37, 38, 41, 42, 43, 44, 45, 46, 47, 48, 49, 50, 52, 70, 118, 131, 212, 421, 565, 698, 780, 827, 842], "summary": {"covered_lines": 33, "num_statements": 33, "percent_covered": 100.0, "percent_covered_display": "100", "missing_lines": 0, "excluded_lines": 0, "percent_statements_covered": 100.0, "percent_statements_covered_display": "100"}, "missing_lines": [], "excluded_lines": [], "start_line": 1}}, "classes": {"OptoSyncResult": {"executed_lines": [], "summary": {"covered_lines": 0, "num_statements": 6, "percent_covered": 0.0, "percent_covered_display": "0", "missing_lines": 6, "excluded_lines": 0, "percent_statements_covered": 0.0, "percent_statements_covered_display": "0"}, "missing_lines": [53, 54, 55, 56, 57, 62], "excluded_lines": [], "start_line": 38}, "": {"executed_lines": [17, 18, 19, 21, 22, 24, 25, 26, 27, 29, 37, 38, 41, 42, 43, 44, 45, 46, 47, 48, 49, 50, 52, 70, 82, 83, 85, 87, 88, 89, 90, 91, 92, 93, 105, 106, 107, 108, 110, 111, 113, 114, 115, 118, 120, 121, 122, 123, 131, 151, 154, 155, 157, 165, 166, 167, 168, 170, 171, 172, 173, 174, 175, 177, 181, 182, 183, 184, 186, 187, 188, 190, 212, 273, 283, 287, 289, 290, 292, 293, 294, 295, 296, 297, 298, 299, 301, 307, 308, 309, 310, 312, 313, 314, 315, 321, 322, 323, 325, 330, 331, 333, 334, 335, 337, 338, 339, 352, 353, 355, 356, 357, 359, 360, 361, 363, 364, 381, 382, 384, 385, 386, 392, 393, 394, 397, 399, 403, 404, 408, 410, 411, 413, 421, 565, 573, 574, 575, 576, 577, 579, 581, 582, 583, 584, 585, 588, 589, 591, 592, 593, 594, 595, 602, 603, 605, 607, 608, 609, 610, 611, 612, 621, 624, 627, 628, 630, 631, 635, 643, 649, 650, 651, 652, 653, 654, 655, 656, 657, 658, 659, 660, 661, 663, 666, 667, 668, 669, 672, 674, 698, 780, 827, 842], "summary": {"covered_lines": 194, "num_statements": 239, "percent_covered": 81.17154811715481, "percent_covered_display": "81", "missing_lines": 45, "excluded_lines": 0, "percent_statements_covered": 81.17154811715481, "percent_statements_covered_display": "81"}, "missing_lines": [94, 95, 103, 152, 158, 284, 285, 311, 317, 318, 326, 327, 341, 342, 343, 344, 345, 346, 347, 348, 349, 350, 373, 387, 388, 389, 401, 406, 622, 632, 633, 644, 662, 664, 787, 788, 789, 790, 791, 792, 793, 794, 796, 809, 844], "excluded_lines": [], "start_line": 1}}}, "src/Synaptipy/core/analysis/firing_dynamics.py": {"executed_lines": [17, 18, 19, 21, 22, 24, 25, 26, 28, 36, 57, 58, 61, 65, 72, 73, 74, 75, 77, 78, 79, 80, 81, 82, 83, 84, 85, 86, 87, 88, 89, 93, 96, 97, 98, 99, 100, 101, 102, 103, 104, 107, 109, 110, 111, 112, 114, 115, 116, 117, 118, 119, 120, 122, 123, 124, 125, 126, 127, 128, 129, 130, 131, 132, 136, 149, 202, 206, 207, 208, 209, 210, 212, 223, 226, 227, 229, 237, 240, 264, 291, 292, 304, 307, 313, 314, 315, 317, 318, 319, 320, 321, 323, 324, 326, 327, 328, 329, 331, 332, 334, 335, 345, 346, 347, 348, 350, 363, 376, 377, 378, 380, 382, 392, 439, 441, 442, 443, 444, 445, 447, 459, 462, 480, 481, 484, 485, 486, 487, 488, 489, 490, 491, 493, 501, 511, 512, 513, 521, 522, 523, 525, 526, 538, 539, 552, 553, 555, 556, 558, 559, 562, 564, 578, 605, 607, 609, 610, 611, 613, 614, 615, 618, 619, 620, 622, 623, 625, 626, 627, 629, 630, 633, 634, 635, 636, 637, 638, 639, 640, 646, 657, 658, 660, 666, 677], "summary": {"covered_lines": 186, "num_statements": 230, "percent_covered": 80.8695652173913, "percent_covered_display": "81", "missing_lines": 44, "excluded_lines": 0, "percent_statements_covered": 80.8695652173913, "percent_statements_covered_display": "81"}, "missing_lines": [59, 62, 63, 66, 67, 68, 69, 70, 91, 105, 106, 133, 134, 213, 214, 215, 216, 217, 218, 219, 220, 221, 224, 238, 254, 255, 256, 308, 309, 310, 311, 336, 379, 381, 460, 494, 495, 496, 497, 498, 540, 643, 644, 679], "excluded_lines": [], "functions": {"calculate_fi_curve": {"executed_lines": [57, 58, 61, 65, 72, 73, 74, 75, 77, 78, 79, 80, 81, 82, 83, 84, 85, 86, 87, 88, 89, 93, 96, 97, 98, 99, 100, 101, 102, 103, 104, 107, 109, 110, 111, 112, 114, 115, 116, 117, 118, 119, 120, 122, 123, 124, 125, 126, 127, 128, 129, 130, 131, 132, 136], "summary": {"covered_lines": 55, "num_statements": 68, "percent_covered": 80.88235294117646, "percent_covered_display": "81", "missing_lines": 13, "excluded_lines": 0, "percent_statements_covered": 80.88235294117646, "percent_statements_covered_display": "81"}, "missing_lines": [59, 62, 63, 66, 67, 68, 69, 70, 91, 105, 106, 133, 134], "excluded_lines": [], "start_line": 36}, "run_excitability_analysis_wrapper": {"executed_lines": [206, 207, 208, 209, 210, 212, 223, 226, 227, 229, 237, 240], "summary": {"covered_lines": 12, "num_statements": 26, "percent_covered": 46.15384615384615, "percent_covered_display": "46", "missing_lines": 14, "excluded_lines": 0, "percent_statements_covered": 46.15384615384615, "percent_statements_covered_display": "46"}, "missing_lines": [213, 214, 215, 216, 217, 218, 219, 220, 221, 224, 238, 254, 255, 256], "excluded_lines": [], "start_line": 202}, "calculate_bursts_logic": {"executed_lines": [291, 292, 304, 307, 313, 314, 315, 317, 318, 319, 320, 321, 323, 324, 326, 327, 328, 329, 331, 332, 334, 335, 345, 346, 347, 348, 350], "summary": {"covered_lines": 27, "num_statements": 32, "percent_covered": 84.375, "percent_covered_display": "84", "missing_lines": 5, "excluded_lines": 0, "percent_statements_covered": 84.375, "percent_statements_covered_display": "84"}, "missing_lines": [308, 309, 310, 311, 336], "excluded_lines": [], "start_line": 264}, "analyze_spikes_and_bursts": {"executed_lines": [376, 377, 378, 380, 382], "summary": {"covered_lines": 5, "num_statements": 7, "percent_covered": 71.42857142857143, "percent_covered_display": "71", "missing_lines": 2, "excluded_lines": 0, "percent_statements_covered": 71.42857142857143, "percent_statements_covered_display": "71"}, "missing_lines": [379, 381], "excluded_lines": [], "start_line": 363}, "run_burst_analysis_wrapper": {"executed_lines": [441, 442, 443, 444, 445, 447, 459, 462], "summary": {"covered_lines": 8, "num_statements": 9, "percent_covered": 88.88888888888889, "percent_covered_display": "89", "missing_lines": 1, "excluded_lines": 0, "percent_statements_covered": 88.88888888888889, "percent_statements_covered_display": "89"}, "missing_lines": [460], "excluded_lines": [], "start_line": 439}, "TrainDynamicsResult.__repr__": {"executed_lines": [], "summary": {"covered_lines": 0, "num_statements": 5, "percent_covered": 0.0, "percent_covered_display": "0", "missing_lines": 5, "excluded_lines": 0, "percent_statements_covered": 0.0, "percent_statements_covered_display": "0"}, "missing_lines": [494, 495, 496, 497, 498], "excluded_lines": [], "start_line": 493}, "calculate_train_dynamics": {"executed_lines": [511, 512, 513, 521, 522, 523, 525, 526, 538, 539, 552, 553, 555, 556, 558, 559, 562, 564], "summary": {"covered_lines": 18, "num_statements": 19, "percent_covered": 94.73684210526316, "percent_covered_display": "95", "missing_lines": 1, "excluded_lines": 0, "percent_statements_covered": 94.73684210526316, "percent_statements_covered_display": "95"}, "missing_lines": [540], "excluded_lines": [], "start_line": 501}, "run_train_dynamics_wrapper": {"executed_lines": [607, 609, 610, 611, 613, 614, 615, 618, 619, 620, 622, 623, 625, 626, 627, 629, 630, 633, 634, 635, 636, 637, 638, 639, 640, 646, 657, 658, 660], "summary": {"covered_lines": 29, "num_statements": 31, "percent_covered": 93.54838709677419, "percent_covered_display": "94", "missing_lines": 2, "excluded_lines": 0, "percent_statements_covered": 93.54838709677419, "percent_statements_covered_display": "94"}, "missing_lines": [643, 644], "excluded_lines": [], "start_line": 605}, "firing_dynamics_module": {"executed_lines": [], "summary": {"covered_lines": 0, "num_statements": 1, "percent_covered": 0.0, "percent_covered_display": "0", "missing_lines": 1, "excluded_lines": 0, "percent_statements_covered": 0.0, "percent_statements_covered_display": "0"}, "missing_lines": [679], "excluded_lines": [], "start_line": 677}, "": {"executed_lines": [17, 18, 19, 21, 22, 24, 25, 26, 28, 36, 149, 202, 264, 363, 392, 439, 480, 481, 484, 485, 486, 487, 488, 489, 490, 491, 493, 501, 578, 605, 666, 677], "summary": {"covered_lines": 32, "num_statements": 32, "percent_covered": 100.0, "percent_covered_display": "100", "missing_lines": 0, "excluded_lines": 0, "percent_statements_covered": 100.0, "percent_statements_covered_display": "100"}, "missing_lines": [], "excluded_lines": [], "start_line": 1}}, "classes": {"TrainDynamicsResult": {"executed_lines": [], "summary": {"covered_lines": 0, "num_statements": 5, "percent_covered": 0.0, "percent_covered_display": "0", "missing_lines": 5, "excluded_lines": 0, "percent_statements_covered": 0.0, "percent_statements_covered_display": "0"}, "missing_lines": [494, 495, 496, 497, 498], "excluded_lines": [], "start_line": 481}, "": {"executed_lines": [17, 18, 19, 21, 22, 24, 25, 26, 28, 36, 57, 58, 61, 65, 72, 73, 74, 75, 77, 78, 79, 80, 81, 82, 83, 84, 85, 86, 87, 88, 89, 93, 96, 97, 98, 99, 100, 101, 102, 103, 104, 107, 109, 110, 111, 112, 114, 115, 116, 117, 118, 119, 120, 122, 123, 124, 125, 126, 127, 128, 129, 130, 131, 132, 136, 149, 202, 206, 207, 208, 209, 210, 212, 223, 226, 227, 229, 237, 240, 264, 291, 292, 304, 307, 313, 314, 315, 317, 318, 319, 320, 321, 323, 324, 326, 327, 328, 329, 331, 332, 334, 335, 345, 346, 347, 348, 350, 363, 376, 377, 378, 380, 382, 392, 439, 441, 442, 443, 444, 445, 447, 459, 462, 480, 481, 484, 485, 486, 487, 488, 489, 490, 491, 493, 501, 511, 512, 513, 521, 522, 523, 525, 526, 538, 539, 552, 553, 555, 556, 558, 559, 562, 564, 578, 605, 607, 609, 610, 611, 613, 614, 615, 618, 619, 620, 622, 623, 625, 626, 627, 629, 630, 633, 634, 635, 636, 637, 638, 639, 640, 646, 657, 658, 660, 666, 677], "summary": {"covered_lines": 186, "num_statements": 225, "percent_covered": 82.66666666666667, "percent_covered_display": "83", "missing_lines": 39, "excluded_lines": 0, "percent_statements_covered": 82.66666666666667, "percent_statements_covered_display": "83"}, "missing_lines": [59, 62, 63, 66, 67, 68, 69, 70, 91, 105, 106, 133, 134, 213, 214, 215, 216, 217, 218, 219, 220, 221, 224, 238, 254, 255, 256, 308, 309, 310, 311, 336, 379, 381, 460, 540, 643, 644, 679], "excluded_lines": [], "start_line": 1}}}, "src/Synaptipy/core/analysis/passive_properties.py": {"executed_lines": [17, 18, 20, 21, 22, 24, 25, 27, 34, 50, 51, 52, 60, 62, 63, 73, 75, 78, 80, 88, 100, 101, 102, 103, 104, 105, 106, 107, 108, 110, 111, 112, 113, 114, 115, 116, 118, 119, 120, 122, 123, 124, 126, 127, 130, 131, 132, 134, 135, 136, 140, 141, 156, 160, 161, 162, 163, 166, 170, 171, 173, 174, 175, 177, 178, 180, 181, 182, 184, 185, 186, 187, 189, 190, 191, 192, 193, 194, 195, 196, 198, 201, 202, 203, 211, 242, 243, 244, 245, 246, 254, 255, 256, 258, 259, 262, 263, 264, 265, 266, 268, 269, 270, 271, 279, 282, 283, 285, 286, 295, 296, 299, 300, 301, 302, 305, 306, 307, 308, 310, 318, 335, 343, 344, 345, 347, 348, 350, 351, 352, 360, 361, 362, 363, 369, 412, 413, 422, 423, 424, 426, 428, 429, 430, 431, 434, 437, 438, 439, 443, 444, 447, 448, 450, 451, 453, 454, 455, 458, 461, 462, 468, 471, 472, 473, 475, 488, 491, 537, 538, 540, 541, 542, 544, 546, 547, 548, 551, 554, 555, 556, 562, 563, 578, 580, 583, 584, 585, 586, 587, 588, 593, 596, 605, 606, 613, 614, 615, 617, 618, 619, 620, 628, 629, 630, 632, 633, 634, 636, 651, 659, 660, 661, 663, 664, 665, 666, 667, 669, 670, 671, 673, 674, 675, 677, 678, 679, 680, 681, 683, 684, 685, 686, 687, 689, 690, 691, 693, 694, 695, 697, 698, 699, 700, 701, 702, 703, 704, 705, 710, 711, 712, 713, 714, 715, 717, 718, 719, 720, 722, 739, 766, 767, 768, 770, 771, 772, 774, 775, 776, 778, 779, 780, 782, 793, 794, 795, 796, 797, 798, 799, 800, 801, 802, 805, 807, 808, 809, 810, 812, 813, 818, 819, 820, 821, 822, 824, 825, 829, 830, 831, 832, 833, 834, 835, 837, 838, 854, 855, 859, 860, 861, 870, 875, 877, 878, 893, 908, 909, 911, 912, 913, 914, 915, 917, 918, 919, 920, 922, 924, 925, 926, 928, 929, 930, 934, 935, 936, 937, 938, 940, 941, 943, 944, 946, 947, 949, 950, 951, 953, 954, 955, 956, 957, 959, 960, 962, 964, 970, 988, 994, 995, 996, 997, 1000, 1012, 1014, 1015, 1017, 1018, 1019, 1020, 1021, 1022, 1023, 1024, 1033, 1062, 1063, 1064, 1065, 1066, 1068, 1070, 1071, 1074, 1076, 1079, 1080, 1081, 1083, 1089, 1090, 1091, 1092, 1095, 1096, 1097, 1099, 1101, 1112, 1117, 1118, 1119, 1120, 1127, 1129, 1132, 1144, 1145, 1154, 1155, 1156, 1157, 1158, 1159, 1162, 1239, 1246, 1247, 1249, 1251, 1253, 1254, 1255, 1256, 1257, 1258, 1260, 1261, 1262, 1273, 1274, 1275, 1279, 1280, 1281, 1287, 1288, 1290, 1291, 1299, 1308, 1315, 1408, 1410, 1411, 1421, 1422, 1423, 1424, 1429, 1436, 1517, 1521, 1522, 1523, 1524, 1525, 1526, 1527, 1528, 1529, 1531, 1541, 1543, 1544, 1545, 1549, 1551, 1552, 1554, 1555, 1556, 1561, 1562, 1563, 1564, 1565, 1566, 1568, 1569, 1570, 1571, 1572, 1573, 1574, 1576, 1585, 1595, 1605, 1606, 1630, 1640, 1696, 1698, 1699, 1700, 1701, 1702, 1703, 1705, 1715, 1722, 1723, 1724, 1725, 1728, 1729, 1731, 1733, 1734, 1735, 1747, 1748, 1766, 1773, 1848, 1852, 1853, 1854, 1855, 1856, 1858, 1869, 1872, 1873, 1875, 1883, 1886, 1896, 1903, 1972, 1976, 1977, 1978, 1980, 1981, 1982, 1983, 1989, 1990, 1991, 1994, 1995, 1999, 2000, 2003, 2031, 2045], "summary": {"covered_lines": 550, "num_statements": 685, "percent_covered": 80.2919708029197, "percent_covered_display": "80", "missing_lines": 135, "excluded_lines": 0, "percent_statements_covered": 80.2919708029197, "percent_statements_covered_display": "80"}, "missing_lines": [128, 137, 138, 148, 149, 150, 151, 152, 153, 199, 287, 330, 331, 332, 364, 365, 366, 432, 433, 440, 441, 485, 486, 549, 550, 557, 558, 590, 591, 646, 647, 648, 803, 804, 814, 815, 816, 826, 827, 841, 842, 843, 844, 856, 857, 880, 881, 882, 883, 884, 885, 932, 978, 979, 980, 1025, 1026, 1029, 1030, 1067, 1072, 1102, 1103, 1104, 1121, 1122, 1123, 1124, 1125, 1126, 1128, 1146, 1149, 1150, 1152, 1153, 1277, 1282, 1292, 1293, 1294, 1295, 1296, 1297, 1310, 1311, 1312, 1425, 1427, 1431, 1432, 1433, 1532, 1546, 1547, 1558, 1559, 1586, 1624, 1632, 1633, 1634, 1726, 1730, 1758, 1764, 1768, 1769, 1770, 1859, 1860, 1861, 1862, 1863, 1864, 1865, 1866, 1867, 1870, 1884, 1898, 1899, 1900, 1984, 1992, 1997, 2001, 2008, 2009, 2010, 2011, 2012, 2016, 2025, 2047], "excluded_lines": [], "functions": {"apply_ljp_correction": {"executed_lines": [50, 51, 52], "summary": {"covered_lines": 3, "num_statements": 3, "percent_covered": 100.0, "percent_covered_display": "100", "missing_lines": 0, "excluded_lines": 0, "percent_statements_covered": 100.0, "percent_statements_covered_display": "100"}, "missing_lines": [], "excluded_lines": [], "start_line": 34}, "_sag_nan_payload": {"executed_lines": [62, 63], "summary": {"covered_lines": 2, "num_statements": 2, "percent_covered": 100.0, "percent_covered_display": "100", "missing_lines": 0, "excluded_lines": 0, "percent_statements_covered": 100.0, "percent_statements_covered_display": "100"}, "missing_lines": [], "excluded_lines": [], "start_line": 60}, "_exp_growth": {"executed_lines": [75], "summary": {"covered_lines": 1, "num_statements": 1, "percent_covered": 100.0, "percent_covered_display": "100", "missing_lines": 0, "excluded_lines": 0, "percent_statements_covered": 100.0, "percent_statements_covered_display": "100"}, "missing_lines": [], "excluded_lines": [], "start_line": 73}, "_bi_exp_growth": {"executed_lines": [80], "summary": {"covered_lines": 1, "num_statements": 1, "percent_covered": 100.0, "percent_covered_display": "100", "missing_lines": 0, "excluded_lines": 0, "percent_statements_covered": 100.0, "percent_statements_covered_display": "100"}, "missing_lines": [], "excluded_lines": [], "start_line": 78}, "calculate_rmp": {"executed_lines": [100, 101, 102, 103, 104, 105, 106, 107, 108, 110, 111, 112, 113, 114, 115, 116, 118, 119, 120, 122, 123, 124, 126, 127, 130, 131, 132, 134, 135, 136, 140, 141], "summary": {"covered_lines": 32, "num_statements": 41, "percent_covered": 78.04878048780488, "percent_covered_display": "78", "missing_lines": 9, "excluded_lines": 0, "percent_statements_covered": 78.04878048780488, "percent_statements_covered_display": "78"}, "missing_lines": [128, 137, 138, 148, 149, 150, 151, 152, 153], "excluded_lines": [], "start_line": 88}, "calculate_baseline_stats": {"executed_lines": [160, 161, 162, 163], "summary": {"covered_lines": 4, "num_statements": 4, "percent_covered": 100.0, "percent_covered_display": "100", "missing_lines": 0, "excluded_lines": 0, "percent_statements_covered": 100.0, "percent_statements_covered_display": "100"}, "missing_lines": [], "excluded_lines": [], "start_line": 156}, "find_stable_baseline": {"executed_lines": [170, 171, 173, 174, 175, 177, 178, 180, 181, 182, 184, 185, 186, 187, 189, 190, 191, 192, 193, 194, 195, 196, 198, 201, 202, 203], "summary": {"covered_lines": 26, "num_statements": 27, "percent_covered": 96.29629629629629, "percent_covered_display": "96", "missing_lines": 1, "excluded_lines": 0, "percent_statements_covered": 96.29629629629629, "percent_statements_covered_display": "96"}, "missing_lines": [199], "excluded_lines": [], "start_line": 166}, "calculate_rin": {"executed_lines": [242, 243, 244, 245, 246, 254, 255, 256, 258, 259, 262, 263, 264, 265, 266, 268, 269, 270, 271, 279, 282, 283, 285, 286, 295, 296, 299, 300, 301, 302, 305, 306, 307, 308, 310, 318], "summary": {"covered_lines": 36, "num_statements": 40, "percent_covered": 90.0, "percent_covered_display": "90", "missing_lines": 4, "excluded_lines": 0, "percent_statements_covered": 90.0, "percent_statements_covered_display": "90"}, "missing_lines": [287, 330, 331, 332], "excluded_lines": [], "start_line": 211}, "_fit_vc_transient_decay": {"executed_lines": [343, 344, 345, 347, 350, 351, 352, 360, 361, 362, 363], "summary": {"covered_lines": 11, "num_statements": 14, "percent_covered": 78.57142857142857, "percent_covered_display": "79", "missing_lines": 3, "excluded_lines": 0, "percent_statements_covered": 78.57142857142857, "percent_statements_covered_display": "79"}, "missing_lines": [364, 365, 366], "excluded_lines": [], "start_line": 335}, "_fit_vc_transient_decay._mono_exp": {"executed_lines": [348], "summary": {"covered_lines": 1, "num_statements": 1, "percent_covered": 100.0, "percent_covered_display": "100", "missing_lines": 0, "excluded_lines": 0, "percent_statements_covered": 100.0, "percent_statements_covered_display": "100"}, "missing_lines": [], "excluded_lines": [], "start_line": 347}, "calculate_vc_transient_parameters": {"executed_lines": [412, 413, 422, 423, 424, 426, 428, 429, 430, 431, 434, 437, 438, 439, 443, 444, 447, 448, 450, 451, 453, 454, 455, 458, 461, 462, 468, 471, 472, 473, 475, 488], "summary": {"covered_lines": 32, "num_statements": 38, "percent_covered": 84.21052631578948, "percent_covered_display": "84", "missing_lines": 6, "excluded_lines": 0, "percent_statements_covered": 84.21052631578948, "percent_statements_covered_display": "84"}, "missing_lines": [432, 433, 440, 441, 485, 486], "excluded_lines": [], "start_line": 369}, "calculate_cc_series_resistance_fast": {"executed_lines": [537, 538, 540, 541, 542, 544, 546, 547, 548, 551, 554, 555, 556, 562, 563, 578, 580, 583, 584, 585, 586, 587, 588, 593], "summary": {"covered_lines": 24, "num_statements": 30, "percent_covered": 80.0, "percent_covered_display": "80", "missing_lines": 6, "excluded_lines": 0, "percent_statements_covered": 80.0, "percent_statements_covered_display": "80"}, "missing_lines": [549, 550, 557, 558, 590, 591], "excluded_lines": [], "start_line": 491}, "calculate_conductance": {"executed_lines": [605, 606, 613, 614, 615, 617, 618, 619, 620, 628, 629, 630, 632, 633, 634, 636], "summary": {"covered_lines": 16, "num_statements": 19, "percent_covered": 84.21052631578948, "percent_covered_display": "84", "missing_lines": 3, "excluded_lines": 0, "percent_statements_covered": 84.21052631578948, "percent_statements_covered_display": "84"}, "missing_lines": [646, 647, 648], "excluded_lines": [], "start_line": 596}, "calculate_iv_curve": {"executed_lines": [659, 660, 661, 663, 664, 665, 666, 667, 669, 670, 671, 673, 674, 675, 677, 678, 679, 680, 681, 683, 684, 685, 686, 687, 689, 690, 691, 693, 694, 695, 697, 698, 699, 700, 701, 702, 703, 704, 705, 710, 711, 712, 713, 714, 715, 717, 718, 719, 720, 722], "summary": {"covered_lines": 50, "num_statements": 50, "percent_covered": 100.0, "percent_covered_display": "100", "missing_lines": 0, "excluded_lines": 0, "percent_statements_covered": 100.0, "percent_statements_covered_display": "100"}, "missing_lines": [], "excluded_lines": [], "start_line": 651}, "calculate_tau": {"executed_lines": [766, 767, 768, 770, 771, 772, 774, 775, 776, 778, 779, 780, 782, 793, 794, 795, 796, 797, 798, 799, 800, 801, 802, 805, 807, 808, 809, 810, 812, 813, 818, 819, 820, 821, 822, 824, 825, 829, 830, 831, 832, 833, 834, 835, 837, 838, 854, 855, 859, 860, 861, 870, 875, 877, 878], "summary": {"covered_lines": 55, "num_statements": 74, "percent_covered": 74.32432432432432, "percent_covered_display": "74", "missing_lines": 19, "excluded_lines": 0, "percent_statements_covered": 74.32432432432432, "percent_statements_covered_display": "74"}, "missing_lines": [803, 804, 814, 815, 816, 826, 827, 841, 842, 843, 844, 856, 857, 880, 881, 882, 883, 884, 885], "excluded_lines": [], "start_line": 739}, "calculate_sag_ratio": {"executed_lines": [908, 909, 911, 912, 913, 914, 915, 917, 918, 919, 920, 922, 924, 925, 926, 928, 929, 930, 934, 935, 936, 937, 938, 940, 941, 943, 944, 946, 947, 949, 950, 951, 953, 954, 955, 956, 957, 959, 960, 962, 964, 970], "summary": {"covered_lines": 42, "num_statements": 46, "percent_covered": 91.30434782608695, "percent_covered_display": "91", "missing_lines": 4, "excluded_lines": 0, "percent_statements_covered": 91.30434782608695, "percent_statements_covered_display": "91"}, "missing_lines": [932, 978, 979, 980], "excluded_lines": [], "start_line": 893}, "calculate_capacitance_cc": {"executed_lines": [994, 995, 996, 997], "summary": {"covered_lines": 4, "num_statements": 4, "percent_covered": 100.0, "percent_covered_display": "100", "missing_lines": 0, "excluded_lines": 0, "percent_statements_covered": 100.0, "percent_statements_covered_display": "100"}, "missing_lines": [], "excluded_lines": [], "start_line": 988}, "_fit_cm_from_transient": {"executed_lines": [1012, 1014, 1017, 1018, 1019, 1020, 1021, 1022, 1023, 1024], "summary": {"covered_lines": 10, "num_statements": 14, "percent_covered": 71.42857142857143, "percent_covered_display": "71", "missing_lines": 4, "excluded_lines": 0, "percent_statements_covered": 71.42857142857143, "percent_statements_covered_display": "71"}, "missing_lines": [1025, 1026, 1029, 1030], "excluded_lines": [], "start_line": 1000}, "_fit_cm_from_transient._mono_exp": {"executed_lines": [1015], "summary": {"covered_lines": 1, "num_statements": 1, "percent_covered": 100.0, "percent_covered_display": "100", "missing_lines": 0, "excluded_lines": 0, "percent_statements_covered": 100.0, "percent_statements_covered_display": "100"}, "missing_lines": [], "excluded_lines": [], "start_line": 1014}, "calculate_capacitance_vc": {"executed_lines": [1062, 1063, 1064, 1065, 1066, 1068, 1070, 1071, 1074, 1076, 1079, 1080, 1081, 1083, 1089, 1090, 1091, 1092, 1095, 1096, 1097, 1099, 1101], "summary": {"covered_lines": 23, "num_statements": 28, "percent_covered": 82.14285714285714, "percent_covered_display": "82", "missing_lines": 5, "excluded_lines": 0, "percent_statements_covered": 82.14285714285714, "percent_statements_covered_display": "82"}, "missing_lines": [1067, 1072, 1102, 1103, 1104], "excluded_lines": [], "start_line": 1033}, "_coerce_trial_lists": {"executed_lines": [1117, 1118, 1119, 1120, 1127, 1129], "summary": {"covered_lines": 6, "num_statements": 13, "percent_covered": 46.15384615384615, "percent_covered_display": "46", "missing_lines": 7, "excluded_lines": 0, "percent_statements_covered": 46.15384615384615, "percent_statements_covered_display": "46"}, "missing_lines": [1121, 1122, 1123, 1124, 1125, 1126, 1128], "excluded_lines": [], "start_line": 1112}, "_resolve_sweep_baseline": {"executed_lines": [1144, 1145, 1154, 1155, 1156, 1157, 1158, 1159], "summary": {"covered_lines": 8, "num_statements": 13, "percent_covered": 61.53846153846154, "percent_covered_display": "62", "missing_lines": 5, "excluded_lines": 0, "percent_statements_covered": 61.53846153846154, "percent_statements_covered_display": "62"}, "missing_lines": [1146, 1149, 1150, 1152, 1153], "excluded_lines": [], "start_line": 1132}, "run_rmp_analysis_wrapper": {"executed_lines": [1246, 1247, 1249, 1251, 1253, 1254, 1255, 1256, 1257, 1258, 1260, 1261, 1262, 1273, 1274, 1275, 1279, 1280, 1281, 1287, 1288, 1290, 1291, 1299, 1308], "summary": {"covered_lines": 25, "num_statements": 36, "percent_covered": 69.44444444444444, "percent_covered_display": "69", "missing_lines": 11, "excluded_lines": 0, "percent_statements_covered": 69.44444444444444, "percent_statements_covered_display": "69"}, "missing_lines": [1277, 1282, 1292, 1293, 1294, 1295, 1296, 1297, 1310, 1311, 1312], "excluded_lines": [], "start_line": 1239}, "run_sag_ratio_wrapper": {"executed_lines": [1410, 1411, 1421, 1422, 1423, 1424, 1429], "summary": {"covered_lines": 7, "num_statements": 12, "percent_covered": 58.333333333333336, "percent_covered_display": "58", "missing_lines": 5, "excluded_lines": 0, "percent_statements_covered": 58.333333333333336, "percent_statements_covered_display": "58"}, "missing_lines": [1425, 1427, 1431, 1432, 1433], "excluded_lines": [], "start_line": 1408}, "run_rin_analysis_wrapper": {"executed_lines": [1521, 1522, 1523, 1524, 1525, 1526, 1527, 1528, 1529, 1531, 1541, 1543, 1544, 1545, 1549, 1551, 1552, 1554, 1555, 1556, 1561, 1562, 1563, 1564, 1565, 1566, 1568, 1569, 1570, 1571, 1572, 1573, 1574, 1576, 1585, 1595, 1605, 1606, 1630], "summary": {"covered_lines": 39, "num_statements": 49, "percent_covered": 79.59183673469387, "percent_covered_display": "80", "missing_lines": 10, "excluded_lines": 0, "percent_statements_covered": 79.59183673469387, "percent_statements_covered_display": "80"}, "missing_lines": [1532, 1546, 1547, 1558, 1559, 1586, 1624, 1632, 1633, 1634], "excluded_lines": [], "start_line": 1517}, "run_tau_analysis_wrapper": {"executed_lines": [1698, 1699, 1700, 1701, 1702, 1703, 1705, 1715, 1722, 1733, 1734, 1735, 1747, 1748, 1766], "summary": {"covered_lines": 15, "num_statements": 20, "percent_covered": 75.0, "percent_covered_display": "75", "missing_lines": 5, "excluded_lines": 0, "percent_statements_covered": 75.0, "percent_statements_covered_display": "75"}, "missing_lines": [1758, 1764, 1768, 1769, 1770], "excluded_lines": [], "start_line": 1696}, "run_tau_analysis_wrapper._with_tau_fit_error": {"executed_lines": [1723, 1724, 1725, 1728, 1729, 1731], "summary": {"covered_lines": 6, "num_statements": 8, "percent_covered": 75.0, "percent_covered_display": "75", "missing_lines": 2, "excluded_lines": 0, "percent_statements_covered": 75.0, "percent_statements_covered_display": "75"}, "missing_lines": [1726, 1730], "excluded_lines": [], "start_line": 1722}, "run_iv_curve_wrapper": {"executed_lines": [1852, 1853, 1854, 1855, 1856, 1858, 1869, 1872, 1873, 1875, 1883, 1886, 1896], "summary": {"covered_lines": 13, "num_statements": 27, "percent_covered": 48.148148148148145, "percent_covered_display": "48", "missing_lines": 14, "excluded_lines": 0, "percent_statements_covered": 48.148148148148145, "percent_statements_covered_display": "48"}, "missing_lines": [1859, 1860, 1861, 1862, 1863, 1864, 1865, 1866, 1867, 1870, 1884, 1898, 1899, 1900], "excluded_lines": [], "start_line": 1848}, "run_capacitance_analysis_wrapper": {"executed_lines": [1976, 1977, 1978, 1980, 1981, 1982, 1983, 1989, 1990, 1991, 1994, 1995, 1999, 2000, 2003], "summary": {"covered_lines": 15, "num_statements": 26, "percent_covered": 57.69230769230769, "percent_covered_display": "58", "missing_lines": 11, "excluded_lines": 0, "percent_statements_covered": 57.69230769230769, "percent_statements_covered_display": "58"}, "missing_lines": [1984, 1992, 1997, 2001, 2008, 2009, 2010, 2011, 2012, 2016, 2025], "excluded_lines": [], "start_line": 1972}, "passive_properties_module": {"executed_lines": [], "summary": {"covered_lines": 0, "num_statements": 1, "percent_covered": 0.0, "percent_covered_display": "0", "missing_lines": 1, "excluded_lines": 0, "percent_statements_covered": 0.0, "percent_statements_covered_display": "0"}, "missing_lines": [2047], "excluded_lines": [], "start_line": 2045}, "": {"executed_lines": [17, 18, 20, 21, 22, 24, 25, 27, 34, 60, 73, 78, 88, 156, 166, 211, 335, 369, 491, 596, 651, 739, 893, 988, 1000, 1033, 1112, 1132, 1162, 1239, 1315, 1408, 1436, 1517, 1640, 1696, 1773, 1848, 1903, 1972, 2031, 2045], "summary": {"covered_lines": 42, "num_statements": 42, "percent_covered": 100.0, "percent_covered_display": "100", "missing_lines": 0, "excluded_lines": 0, "percent_statements_covered": 100.0, "percent_statements_covered_display": "100"}, "missing_lines": [], "excluded_lines": [], "start_line": 1}}, "classes": {"": {"executed_lines": [17, 18, 20, 21, 22, 24, 25, 27, 34, 50, 51, 52, 60, 62, 63, 73, 75, 78, 80, 88, 100, 101, 102, 103, 104, 105, 106, 107, 108, 110, 111, 112, 113, 114, 115, 116, 118, 119, 120, 122, 123, 124, 126, 127, 130, 131, 132, 134, 135, 136, 140, 141, 156, 160, 161, 162, 163, 166, 170, 171, 173, 174, 175, 177, 178, 180, 181, 182, 184, 185, 186, 187, 189, 190, 191, 192, 193, 194, 195, 196, 198, 201, 202, 203, 211, 242, 243, 244, 245, 246, 254, 255, 256, 258, 259, 262, 263, 264, 265, 266, 268, 269, 270, 271, 279, 282, 283, 285, 286, 295, 296, 299, 300, 301, 302, 305, 306, 307, 308, 310, 318, 335, 343, 344, 345, 347, 348, 350, 351, 352, 360, 361, 362, 363, 369, 412, 413, 422, 423, 424, 426, 428, 429, 430, 431, 434, 437, 438, 439, 443, 444, 447, 448, 450, 451, 453, 454, 455, 458, 461, 462, 468, 471, 472, 473, 475, 488, 491, 537, 538, 540, 541, 542, 544, 546, 547, 548, 551, 554, 555, 556, 562, 563, 578, 580, 583, 584, 585, 586, 587, 588, 593, 596, 605, 606, 613, 614, 615, 617, 618, 619, 620, 628, 629, 630, 632, 633, 634, 636, 651, 659, 660, 661, 663, 664, 665, 666, 667, 669, 670, 671, 673, 674, 675, 677, 678, 679, 680, 681, 683, 684, 685, 686, 687, 689, 690, 691, 693, 694, 695, 697, 698, 699, 700, 701, 702, 703, 704, 705, 710, 711, 712, 713, 714, 715, 717, 718, 719, 720, 722, 739, 766, 767, 768, 770, 771, 772, 774, 775, 776, 778, 779, 780, 782, 793, 794, 795, 796, 797, 798, 799, 800, 801, 802, 805, 807, 808, 809, 810, 812, 813, 818, 819, 820, 821, 822, 824, 825, 829, 830, 831, 832, 833, 834, 835, 837, 838, 854, 855, 859, 860, 861, 870, 875, 877, 878, 893, 908, 909, 911, 912, 913, 914, 915, 917, 918, 919, 920, 922, 924, 925, 926, 928, 929, 930, 934, 935, 936, 937, 938, 940, 941, 943, 944, 946, 947, 949, 950, 951, 953, 954, 955, 956, 957, 959, 960, 962, 964, 970, 988, 994, 995, 996, 997, 1000, 1012, 1014, 1015, 1017, 1018, 1019, 1020, 1021, 1022, 1023, 1024, 1033, 1062, 1063, 1064, 1065, 1066, 1068, 1070, 1071, 1074, 1076, 1079, 1080, 1081, 1083, 1089, 1090, 1091, 1092, 1095, 1096, 1097, 1099, 1101, 1112, 1117, 1118, 1119, 1120, 1127, 1129, 1132, 1144, 1145, 1154, 1155, 1156, 1157, 1158, 1159, 1162, 1239, 1246, 1247, 1249, 1251, 1253, 1254, 1255, 1256, 1257, 1258, 1260, 1261, 1262, 1273, 1274, 1275, 1279, 1280, 1281, 1287, 1288, 1290, 1291, 1299, 1308, 1315, 1408, 1410, 1411, 1421, 1422, 1423, 1424, 1429, 1436, 1517, 1521, 1522, 1523, 1524, 1525, 1526, 1527, 1528, 1529, 1531, 1541, 1543, 1544, 1545, 1549, 1551, 1552, 1554, 1555, 1556, 1561, 1562, 1563, 1564, 1565, 1566, 1568, 1569, 1570, 1571, 1572, 1573, 1574, 1576, 1585, 1595, 1605, 1606, 1630, 1640, 1696, 1698, 1699, 1700, 1701, 1702, 1703, 1705, 1715, 1722, 1723, 1724, 1725, 1728, 1729, 1731, 1733, 1734, 1735, 1747, 1748, 1766, 1773, 1848, 1852, 1853, 1854, 1855, 1856, 1858, 1869, 1872, 1873, 1875, 1883, 1886, 1896, 1903, 1972, 1976, 1977, 1978, 1980, 1981, 1982, 1983, 1989, 1990, 1991, 1994, 1995, 1999, 2000, 2003, 2031, 2045], "summary": {"covered_lines": 550, "num_statements": 685, "percent_covered": 80.2919708029197, "percent_covered_display": "80", "missing_lines": 135, "excluded_lines": 0, "percent_statements_covered": 80.2919708029197, "percent_statements_covered_display": "80"}, "missing_lines": [128, 137, 138, 148, 149, 150, 151, 152, 153, 199, 287, 330, 331, 332, 364, 365, 366, 432, 433, 440, 441, 485, 486, 549, 550, 557, 558, 590, 591, 646, 647, 648, 803, 804, 814, 815, 816, 826, 827, 841, 842, 843, 844, 856, 857, 880, 881, 882, 883, 884, 885, 932, 978, 979, 980, 1025, 1026, 1029, 1030, 1067, 1072, 1102, 1103, 1104, 1121, 1122, 1123, 1124, 1125, 1126, 1128, 1146, 1149, 1150, 1152, 1153, 1277, 1282, 1292, 1293, 1294, 1295, 1296, 1297, 1310, 1311, 1312, 1425, 1427, 1431, 1432, 1433, 1532, 1546, 1547, 1558, 1559, 1586, 1624, 1632, 1633, 1634, 1726, 1730, 1758, 1764, 1768, 1769, 1770, 1859, 1860, 1861, 1862, 1863, 1864, 1865, 1866, 1867, 1870, 1884, 1898, 1899, 1900, 1984, 1992, 1997, 2001, 2008, 2009, 2010, 2011, 2012, 2016, 2025, 2047], "excluded_lines": [], "start_line": 1}}}, "src/Synaptipy/core/analysis/registry.py": {"executed_lines": [10, 11, 13, 16, 24, 25, 26, 27, 29, 30, 49, 51, 52, 53, 54, 56, 57, 58, 60, 61, 62, 64, 66, 67, 72, 74, 75, 85, 86, 87, 88, 90, 91, 101, 103, 104, 111, 113, 114, 124, 126, 127, 129, 131, 132, 134, 136, 137, 145, 146, 148, 149, 156, 157, 158, 159, 160, 161, 163, 164, 168, 169, 170, 171, 172, 174, 175, 183, 184, 185, 187, 188, 190, 191, 192, 193, 194, 195, 197, 199, 200, 205, 207, 208, 209, 210, 212, 213], "summary": {"covered_lines": 88, "num_statements": 88, "percent_covered": 100.0, "percent_covered_display": "100", "missing_lines": 0, "excluded_lines": 0, "percent_statements_covered": 100.0, "percent_statements_covered_display": "100"}, "missing_lines": [], "excluded_lines": [], "functions": {"AnalysisRegistry.register": {"executed_lines": [49, 51, 64], "summary": {"covered_lines": 3, "num_statements": 3, "percent_covered": 100.0, "percent_covered_display": "100", "missing_lines": 0, "excluded_lines": 0, "percent_statements_covered": 100.0, "percent_statements_covered_display": "100"}, "missing_lines": [], "excluded_lines": [], "start_line": 30}, "AnalysisRegistry.register.decorator": {"executed_lines": [52, 53, 54, 56, 57, 58, 60, 61, 62], "summary": {"covered_lines": 9, "num_statements": 9, "percent_covered": 100.0, "percent_covered_display": "100", "missing_lines": 0, "excluded_lines": 0, "percent_statements_covered": 100.0, "percent_statements_covered_display": "100"}, "missing_lines": [], "excluded_lines": [], "start_line": 51}, "AnalysisRegistry.register_processor": {"executed_lines": [72], "summary": {"covered_lines": 1, "num_statements": 1, "percent_covered": 100.0, "percent_covered_display": "100", "missing_lines": 0, "excluded_lines": 0, "percent_statements_covered": 100.0, "percent_statements_covered_display": "100"}, "missing_lines": [], "excluded_lines": [], "start_line": 67}, "AnalysisRegistry.get_function": {"executed_lines": [85, 86, 87, 88], "summary": {"covered_lines": 4, "num_statements": 4, "percent_covered": 100.0, "percent_covered_display": "100", "missing_lines": 0, "excluded_lines": 0, "percent_statements_covered": 100.0, "percent_statements_covered_display": "100"}, "missing_lines": [], "excluded_lines": [], "start_line": 75}, "AnalysisRegistry.get_metadata": {"executed_lines": [101], "summary": {"covered_lines": 1, "num_statements": 1, "percent_covered": 100.0, "percent_covered_display": "100", "missing_lines": 0, "excluded_lines": 0, "percent_statements_covered": 100.0, "percent_statements_covered_display": "100"}, "missing_lines": [], "excluded_lines": [], "start_line": 91}, "AnalysisRegistry.list_registered": {"executed_lines": [111], "summary": {"covered_lines": 1, "num_statements": 1, "percent_covered": 100.0, "percent_covered_display": "100", "missing_lines": 0, "excluded_lines": 0, "percent_statements_covered": 100.0, "percent_statements_covered_display": "100"}, "missing_lines": [], "excluded_lines": [], "start_line": 104}, "AnalysisRegistry.list_by_type": {"executed_lines": [124], "summary": {"covered_lines": 1, "num_statements": 1, "percent_covered": 100.0, "percent_covered_display": "100", "missing_lines": 0, "excluded_lines": 0, "percent_statements_covered": 100.0, "percent_statements_covered_display": "100"}, "missing_lines": [], "excluded_lines": [], "start_line": 114}, "AnalysisRegistry.list_preprocessing": {"executed_lines": [129], "summary": {"covered_lines": 1, "num_statements": 1, "percent_covered": 100.0, "percent_covered_display": "100", "missing_lines": 0, "excluded_lines": 0, "percent_statements_covered": 100.0, "percent_statements_covered_display": "100"}, "missing_lines": [], "excluded_lines": [], "start_line": 127}, "AnalysisRegistry.list_analysis": {"executed_lines": [134], "summary": {"covered_lines": 1, "num_statements": 1, "percent_covered": 100.0, "percent_covered_display": "100", "missing_lines": 0, "excluded_lines": 0, "percent_statements_covered": 100.0, "percent_statements_covered_display": "100"}, "missing_lines": [], "excluded_lines": [], "start_line": 132}, "AnalysisRegistry.mark_core_snapshot": {"executed_lines": [145, 146], "summary": {"covered_lines": 2, "num_statements": 2, "percent_covered": 100.0, "percent_covered_display": "100", "missing_lines": 0, "excluded_lines": 0, "percent_statements_covered": 100.0, "percent_statements_covered_display": "100"}, "missing_lines": [], "excluded_lines": [], "start_line": 137}, "AnalysisRegistry.unregister_plugins": {"executed_lines": [156, 157, 158, 159, 160, 161], "summary": {"covered_lines": 6, "num_statements": 6, "percent_covered": 100.0, "percent_covered_display": "100", "missing_lines": 0, "excluded_lines": 0, "percent_statements_covered": 100.0, "percent_statements_covered_display": "100"}, "missing_lines": [], "excluded_lines": [], "start_line": 149}, "AnalysisRegistry.clear": {"executed_lines": [168, 169, 170, 171, 172], "summary": {"covered_lines": 5, "num_statements": 5, "percent_covered": 100.0, "percent_covered_display": "100", "missing_lines": 0, "excluded_lines": 0, "percent_statements_covered": 100.0, "percent_statements_covered_display": "100"}, "missing_lines": [], "excluded_lines": [], "start_line": 164}, "AnalysisRegistry.update_default_params": {"executed_lines": [183, 184, 185, 187, 188, 190, 191, 192, 193, 194, 195, 197], "summary": {"covered_lines": 12, "num_statements": 12, "percent_covered": 100.0, "percent_covered_display": "100", "missing_lines": 0, "excluded_lines": 0, "percent_statements_covered": 100.0, "percent_statements_covered_display": "100"}, "missing_lines": [], "excluded_lines": [], "start_line": 175}, "AnalysisRegistry.reset_to_factory": {"executed_lines": [205, 207, 208, 209, 210, 212, 213], "summary": {"covered_lines": 7, "num_statements": 7, "percent_covered": 100.0, "percent_covered_display": "100", "missing_lines": 0, "excluded_lines": 0, "percent_statements_covered": 100.0, "percent_statements_covered_display": "100"}, "missing_lines": [], "excluded_lines": [], "start_line": 200}, "": {"executed_lines": [10, 11, 13, 16, 24, 25, 26, 27, 29, 30, 66, 67, 74, 75, 90, 91, 103, 104, 113, 114, 126, 127, 131, 132, 136, 137, 148, 149, 163, 164, 174, 175, 199, 200], "summary": {"covered_lines": 34, "num_statements": 34, "percent_covered": 100.0, "percent_covered_display": "100", "missing_lines": 0, "excluded_lines": 0, "percent_statements_covered": 100.0, "percent_statements_covered_display": "100"}, "missing_lines": [], "excluded_lines": [], "start_line": 1}}, "classes": {"AnalysisRegistry": {"executed_lines": [49, 51, 52, 53, 54, 56, 57, 58, 60, 61, 62, 64, 72, 85, 86, 87, 88, 101, 111, 124, 129, 134, 145, 146, 156, 157, 158, 159, 160, 161, 168, 169, 170, 171, 172, 183, 184, 185, 187, 188, 190, 191, 192, 193, 194, 195, 197, 205, 207, 208, 209, 210, 212, 213], "summary": {"covered_lines": 54, "num_statements": 54, "percent_covered": 100.0, "percent_covered_display": "100", "missing_lines": 0, "excluded_lines": 0, "percent_statements_covered": 100.0, "percent_statements_covered_display": "100"}, "missing_lines": [], "excluded_lines": [], "start_line": 16}, "": {"executed_lines": [10, 11, 13, 16, 24, 25, 26, 27, 29, 30, 66, 67, 74, 75, 90, 91, 103, 104, 113, 114, 126, 127, 131, 132, 136, 137, 148, 149, 163, 164, 174, 175, 199, 200], "summary": {"covered_lines": 34, "num_statements": 34, "percent_covered": 100.0, "percent_covered_display": "100", "missing_lines": 0, "excluded_lines": 0, "percent_statements_covered": 100.0, "percent_statements_covered_display": "100"}, "missing_lines": [], "excluded_lines": [], "start_line": 1}}}, "src/Synaptipy/core/analysis/single_spike.py": {"executed_lines": [17, 18, 20, 21, 23, 24, 25, 27, 35, 59, 60, 63, 71, 79, 88, 89, 90, 91, 93, 94, 95, 103, 106, 107, 108, 109, 110, 111, 112, 114, 123, 124, 125, 129, 130, 131, 132, 135, 136, 137, 141, 142, 144, 145, 147, 148, 149, 150, 151, 153, 174, 205, 206, 208, 209, 210, 211, 214, 215, 219, 220, 221, 223, 224, 225, 231, 232, 233, 235, 236, 237, 240, 241, 242, 243, 244, 245, 246, 249, 250, 251, 252, 253, 256, 257, 258, 259, 260, 262, 263, 264, 266, 267, 268, 270, 271, 272, 273, 275, 276, 278, 279, 280, 281, 283, 284, 285, 286, 288, 289, 290, 291, 292, 293, 294, 295, 296, 297, 298, 299, 300, 301, 302, 304, 313, 314, 315, 316, 317, 318, 319, 320, 321, 322, 323, 324, 325, 326, 327, 328, 329, 330, 331, 332, 333, 334, 335, 336, 338, 344, 345, 346, 347, 348, 349, 350, 351, 352, 353, 354, 355, 356, 357, 358, 359, 360, 361, 362, 363, 365, 375, 376, 377, 378, 380, 381, 382, 383, 385, 386, 388, 389, 390, 391, 394, 395, 399, 400, 401, 403, 404, 405, 406, 407, 408, 409, 411, 412, 413, 414, 415, 416, 417, 419, 420, 421, 422, 424, 425, 426, 429, 430, 431, 432, 433, 434, 435, 436, 437, 438, 439, 440, 441, 442, 443, 448, 449, 450, 451, 453, 455, 456, 458, 459, 460, 461, 463, 464, 465, 466, 469, 470, 471, 472, 473, 475, 476, 477, 494, 497, 504, 535, 554, 555, 557, 559, 560, 561, 563, 564, 565, 567, 570, 574, 575, 578, 591, 592, 595, 597, 598, 599, 601, 602, 603, 604, 605, 606, 609, 611, 619, 693, 706, 707, 708, 709, 710, 712, 721, 731, 732, 740, 741, 742, 743, 744, 745, 746, 748, 749, 751, 757, 766, 776, 786, 843, 852, 853, 854, 856, 857, 859, 861, 863, 872, 874, 884, 888, 894, 904], "summary": {"covered_lines": 320, "num_statements": 358, "percent_covered": 89.3854748603352, "percent_covered_display": "89", "missing_lines": 38, "excluded_lines": 0, "percent_statements_covered": 89.3854748603352, "percent_statements_covered_display": "89"}, "missing_lines": [64, 72, 80, 104, 115, 133, 138, 139, 162, 163, 164, 212, 216, 217, 392, 397, 457, 499, 500, 501, 512, 513, 514, 515, 518, 519, 520, 521, 522, 525, 526, 527, 608, 768, 778, 779, 780, 906], "excluded_lines": [], "functions": {"detect_spikes_threshold": {"executed_lines": [59, 60, 63, 71, 79, 88, 89, 90, 91, 93, 94, 95, 103, 106, 107, 108, 109, 110, 111, 112, 114, 123, 124, 125, 129, 130, 131, 132, 135, 136, 137, 141, 142, 144, 145, 147, 148, 149, 150, 151, 153], "summary": {"covered_lines": 41, "num_statements": 52, "percent_covered": 78.84615384615384, "percent_covered_display": "79", "missing_lines": 11, "excluded_lines": 0, "percent_statements_covered": 78.84615384615384, "percent_statements_covered_display": "79"}, "missing_lines": [64, 72, 80, 104, 115, 133, 138, 139, 162, 163, 164], "excluded_lines": [], "start_line": 35}, "calculate_spike_features": {"executed_lines": [205, 206, 208, 209, 210, 211, 214, 215, 219, 220, 221, 223, 224, 225, 231, 232, 233, 235, 236, 237, 240, 241, 242, 243, 244, 245, 246, 249, 250, 251, 252, 253, 256, 257, 258, 259, 260, 262, 263, 264, 266, 267, 268, 270, 271, 272, 273, 275, 276, 278, 279, 280, 281, 283, 284, 285, 286, 288, 289, 290, 291, 292, 293, 294, 295, 296, 297, 298, 299, 300, 301, 302, 304, 313, 314, 315, 316, 317, 318, 319, 320, 321, 322, 323, 324, 325, 326, 327, 328, 329, 330, 331, 332, 333, 334, 335, 336, 338, 344, 345, 346, 347, 348, 349, 350, 351, 352, 353, 354, 355, 356, 357, 358, 359, 360, 361, 362, 363, 365, 375, 376, 377, 378, 380, 381, 382, 383, 385, 386, 388, 389, 390, 391, 394, 395, 399, 400, 401, 403, 404, 405, 406, 407, 408, 409, 411, 412, 413, 414, 415, 416, 417, 419, 420, 421, 422, 424, 425, 426, 429, 430, 431, 432, 433, 434, 435, 436, 437, 438, 439, 440, 441, 442, 443, 448, 449, 450, 451, 453, 463, 464, 465, 466, 469, 470, 471, 472, 473, 475, 476, 477, 494], "summary": {"covered_lines": 192, "num_statements": 197, "percent_covered": 97.46192893401015, "percent_covered_display": "97", "missing_lines": 5, "excluded_lines": 0, "percent_statements_covered": 97.46192893401015, "percent_statements_covered_display": "97"}, "missing_lines": [212, 216, 217, 392, 397], "excluded_lines": [], "start_line": 174}, "calculate_spike_features._window_min": {"executed_lines": [455, 456, 458, 459, 460, 461], "summary": {"covered_lines": 6, "num_statements": 7, "percent_covered": 85.71428571428571, "percent_covered_display": "86", "missing_lines": 1, "excluded_lines": 0, "percent_statements_covered": 85.71428571428571, "percent_statements_covered_display": "86"}, "missing_lines": [457], "excluded_lines": [], "start_line": 453}, "calculate_isi": {"executed_lines": [], "summary": {"covered_lines": 0, "num_statements": 3, "percent_covered": 0.0, "percent_covered_display": "0", "missing_lines": 3, "excluded_lines": 0, "percent_statements_covered": 0.0, "percent_statements_covered_display": "0"}, "missing_lines": [499, 500, 501], "excluded_lines": [], "start_line": 497}, "analyze_multi_sweep_spikes": {"executed_lines": [], "summary": {"covered_lines": 0, "num_statements": 12, "percent_covered": 0.0, "percent_covered_display": "0", "missing_lines": 12, "excluded_lines": 0, "percent_statements_covered": 0.0, "percent_statements_covered_display": "0"}, "missing_lines": [512, 513, 514, 515, 518, 519, 520, 521, 522, 525, 526, 527], "excluded_lines": [], "start_line": 504}, "calculate_dvdt": {"executed_lines": [554, 555, 557, 559, 560, 561, 563, 564, 565, 567], "summary": {"covered_lines": 10, "num_statements": 10, "percent_covered": 100.0, "percent_covered_display": "100", "missing_lines": 0, "excluded_lines": 0, "percent_statements_covered": 100.0, "percent_statements_covered_display": "100"}, "missing_lines": [], "excluded_lines": [], "start_line": 535}, "get_phase_plane_trajectory": {"executed_lines": [574, 575], "summary": {"covered_lines": 2, "num_statements": 2, "percent_covered": 100.0, "percent_covered_display": "100", "missing_lines": 0, "excluded_lines": 0, "percent_statements_covered": 100.0, "percent_statements_covered_display": "100"}, "missing_lines": [], "excluded_lines": [], "start_line": 570}, "detect_threshold_kink": {"executed_lines": [591, 592, 595, 597, 598, 599, 601, 602, 603, 604, 605, 606, 609, 611], "summary": {"covered_lines": 14, "num_statements": 15, "percent_covered": 93.33333333333333, "percent_covered_display": "93", "missing_lines": 1, "excluded_lines": 0, "percent_statements_covered": 93.33333333333333, "percent_statements_covered_display": "93"}, "missing_lines": [608], "excluded_lines": [], "start_line": 578}, "run_spike_detection_wrapper": {"executed_lines": [706, 707, 708, 709, 710, 712, 721, 731, 732, 740, 741, 742, 743, 744, 745, 746, 748, 749, 751, 757, 766, 776], "summary": {"covered_lines": 22, "num_statements": 26, "percent_covered": 84.61538461538461, "percent_covered_display": "85", "missing_lines": 4, "excluded_lines": 0, "percent_statements_covered": 84.61538461538461, "percent_statements_covered_display": "85"}, "missing_lines": [768, 778, 779, 780], "excluded_lines": [], "start_line": 693}, "phase_plane_analysis_wrapper": {"executed_lines": [852, 853, 854, 856, 857, 859, 861, 863, 872, 874, 884], "summary": {"covered_lines": 11, "num_statements": 11, "percent_covered": 100.0, "percent_covered_display": "100", "missing_lines": 0, "excluded_lines": 0, "percent_statements_covered": 100.0, "percent_statements_covered_displa
[...]
": 143}, "": {"executed_lines": [1, 2, 4, 7, 8, 11, 12, 13, 14, 15, 16, 18, 23, 24, 30, 31, 32, 33, 34, 36, 44, 45, 55, 56, 57, 58, 59, 60, 61, 62, 63, 64, 66, 73, 74, 80, 81, 82, 83, 85, 92, 93, 98, 99, 100, 101, 102, 103, 105, 112, 113, 118, 119, 120, 121, 122, 123, 124, 125, 126, 127, 128, 129, 132, 133, 134, 137, 138, 141, 143], "summary": {"covered_lines": 70, "num_statements": 70, "percent_covered": 100.0, "percent_covered_display": "100", "missing_lines": 0, "excluded_lines": 0, "percent_statements_covered": 100.0, "percent_statements_covered_display": "100"}, "missing_lines": [], "excluded_lines": [], "start_line": 1}}, "classes": {"AnalysisResult": {"executed_lines": [19, 20], "summary": {"covered_lines": 2, "num_statements": 2, "percent_covered": 100.0, "percent_covered_display": "100", "missing_lines": 0, "excluded_lines": 0, "percent_statements_covered": 100.0, "percent_statements_covered_display": "100"}, "missing_lines": [], "excluded_lines": [], "start_line": 8}, "SpikeTrainResult": {"executed_lines": [37, 38, 39, 40, 41], "summary": {"covered_lines": 5, "num_statements": 5, "percent_covered": 100.0, "percent_covered_display": "100", "missing_lines": 0, "excluded_lines": 0, "percent_statements_covered": 100.0, "percent_statements_covered_display": "100"}, "missing_lines": [], "excluded_lines": [], "start_line": 24}, "RinResult": {"executed_lines": [67, 68, 69, 70], "summary": {"covered_lines": 4, "num_statements": 4, "percent_covered": 100.0, "percent_covered_display": "100", "missing_lines": 0, "excluded_lines": 0, "percent_statements_covered": 100.0, "percent_statements_covered_display": "100"}, "missing_lines": [], "excluded_lines": [], "start_line": 45}, "RmpResult": {"executed_lines": [86, 87, 88, 89], "summary": {"covered_lines": 4, "num_statements": 4, "percent_covered": 100.0, "percent_covered_display": "100", "missing_lines": 0, "excluded_lines": 0, "percent_statements_covered": 100.0, "percent_statements_covered_display": "100"}, "missing_lines": [], "excluded_lines": [], "start_line": 74}, "BurstResult": {"executed_lines": [106, 107, 108, 109], "summary": {"covered_lines": 4, "num_statements": 4, "percent_covered": 100.0, "percent_covered_display": "100", "missing_lines": 0, "excluded_lines": 0, "percent_statements_covered": 100.0, "percent_statements_covered_display": "100"}, "missing_lines": [], "excluded_lines": [], "start_line": 93}, "EventDetectionResult": {"executed_lines": [144, 145, 146, 147], "summary": {"covered_lines": 4, "num_statements": 4, "percent_covered": 100.0, "percent_covered_display": "100", "missing_lines": 0, "excluded_lines": 0, "percent_statements_covered": 100.0, "percent_statements_covered_display": "100"}, "missing_lines": [], "excluded_lines": [], "start_line": 113}, "": {"executed_lines": [1, 2, 4, 7, 8, 11, 12, 13, 14, 15, 16, 18, 23, 24, 30, 31, 32, 33, 34, 36, 44, 45, 55, 56, 57, 58, 59, 60, 61, 62, 63, 64, 66, 73, 74, 80, 81, 82, 83, 85, 92, 93, 98, 99, 100, 101, 102, 103, 105, 112, 113, 118, 119, 120, 121, 122, 123, 124, 125, 126, 127, 128, 129, 132, 133, 134, 137, 138, 141, 143], "summary": {"covered_lines": 70, "num_statements": 70, "percent_covered": 100.0, "percent_covered_display": "100", "missing_lines": 0, "excluded_lines": 0, "percent_statements_covered": 100.0, "percent_statements_covered_display": "100"}, "missing_lines": [], "excluded_lines": [], "start_line": 1}}}, "src/Synaptipy/core/signal_processor.py": {"executed_lines": [6, 7, 9, 12, 17, 18, 19, 21, 26, 29, 39, 40, 41, 42, 43, 44, 47, 63, 64, 72, 74, 76, 77, 78, 79, 80, 84, 85, 88, 89, 90, 94, 100, 101, 102, 109, 112, 113, 114, 116, 119, 123, 125, 127, 128, 130, 131, 133, 134, 135, 136, 140, 141, 142, 143, 144, 152, 153, 154, 157, 158, 173, 176, 189, 190, 193, 194, 196, 198, 199, 202, 212, 213, 214, 217, 218, 219, 222, 223, 224, 227, 228, 229, 232, 233, 234, 235, 237, 240, 255, 256, 257, 258, 261, 262, 263, 266, 268, 269, 270, 273, 274, 275, 276, 277, 278, 279, 280, 281, 283, 285, 286, 287, 293, 307, 308, 309, 310, 313, 314, 315, 318, 320, 321, 324, 325, 326, 328, 330, 331, 332, 338, 352, 353, 354, 355, 358, 359, 360, 363, 365, 366, 369, 370, 371, 373, 375, 376, 377, 383, 397, 398, 399, 400, 403, 404, 405, 407, 408, 411, 412, 413, 416, 417, 418, 420, 422, 424, 425, 426, 427, 433, 447, 448, 449, 450, 453, 454, 455, 457, 458, 460, 461, 462, 464, 465, 466, 468, 470, 472, 473, 474, 475, 481, 493, 494, 496, 497, 498, 499, 503, 504, 507, 510, 514, 516, 517, 527, 528, 531, 533, 535, 538, 540, 542, 545, 550, 551, 553, 554, 555, 556, 558, 561, 571, 574, 575, 579, 580, 581, 584, 616, 617, 618, 620, 621, 623, 624, 625, 628, 629, 630, 632, 633, 635, 636, 638, 639, 640, 642, 643, 644, 645, 646, 647, 649, 656, 659, 677, 678, 681, 682, 683, 685, 686, 688, 691, 694, 697, 700, 703, 704, 705, 709, 710, 711, 713, 717, 718, 719, 721, 723, 731, 750, 751, 752, 753, 755, 756, 758, 759, 760, 762, 763, 764, 775, 803, 804, 805, 806, 808, 809, 811, 812, 813, 816, 817, 818, 819, 820, 821, 822, 823, 828, 829, 830, 831, 832, 833, 839], "summary": {"covered_lines": 320, "num_statements": 368, "percent_covered": 86.95652173913044, "percent_covered_display": "87", "missing_lines": 48, "excluded_lines": 0, "percent_statements_covered": 86.95652173913044, "percent_statements_covered_display": "87"}, "missing_lines": [22, 23, 95, 115, 159, 163, 164, 166, 168, 169, 170, 171, 191, 288, 289, 290, 333, 334, 335, 378, 379, 380, 428, 429, 430, 476, 477, 478, 518, 519, 521, 523, 524, 525, 534, 541, 572, 576, 577, 765, 766, 767, 824, 825, 834, 835, 836, 837], "excluded_lines": [], "functions": {"_get_scipy": {"executed_lines": [17, 18, 19, 21], "summary": {"covered_lines": 4, "num_statements": 6, "percent_covered": 66.66666666666667, "percent_covered_display": "67", "missing_lines": 2, "excluded_lines": 0, "percent_statements_covered": 66.66666666666667, "percent_statements_covered_display": "67"}, "missing_lines": [22, 23], "excluded_lines": [], "start_line": 12}, "validate_sampling_rate": {"executed_lines": [39, 40, 41, 42, 43, 44], "summary": {"covered_lines": 6, "num_statements": 6, "percent_covered": 100.0, "percent_covered_display": "100", "missing_lines": 0, "excluded_lines": 0, "percent_statements_covered": 100.0, "percent_statements_covered_display": "100"}, "missing_lines": [], "excluded_lines": [], "start_line": 29}, "check_trace_quality": {"executed_lines": [63, 64, 72, 74, 76, 77, 78, 79, 80, 84, 85, 88, 89, 90, 94, 100, 101, 102, 109, 112, 127, 128, 130, 131, 133, 134, 135, 136, 140, 141, 142, 143, 144, 152, 153, 154, 157, 158, 173], "summary": {"covered_lines": 39, "num_statements": 48, "percent_covered": 81.25, "percent_covered_display": "81", "missing_lines": 9, "excluded_lines": 0, "percent_statements_covered": 81.25, "percent_statements_covered_display": "81"}, "missing_lines": [95, 159, 163, 164, 166, 168, 169, 170, 171], "excluded_lines": [], "start_line": 47}, "check_trace_quality.check_freq_power": {"executed_lines": [113, 114, 116, 119, 123, 125], "summary": {"covered_lines": 6, "num_statements": 7, "percent_covered": 85.71428571428571, "percent_covered_display": "86", "missing_lines": 1, "excluded_lines": 0, "percent_statements_covered": 85.71428571428571, "percent_statements_covered_display": "86"}, "missing_lines": [115], "excluded_lines": [], "start_line": 112}, "_sosfiltfilt_safe": {"executed_lines": [189, 190, 193, 194, 196, 198, 199], "summary": {"covered_lines": 7, "num_statements": 8, "percent_covered": 87.5, "percent_covered_display": "88", "missing_lines": 1, "excluded_lines": 0, "percent_statements_covered": 87.5, "percent_statements_covered_display": "88"}, "missing_lines": [191], "excluded_lines": [], "start_line": 176}, "_validate_filter_input": {"executed_lines": [212, 213, 214, 217, 218, 219, 222, 223, 224, 227, 228, 229, 232, 233, 234, 235, 237], "summary": {"covered_lines": 17, "num_statements": 17, "percent_covered": 100.0, "percent_covered_display": "100", "missing_lines": 0, "excluded_lines": 0, "percent_statements_covered": 100.0, "percent_statements_covered_display": "100"}, "missing_lines": [], "excluded_lines": [], "start_line": 202}, "bandpass_filter": {"executed_lines": [255, 256, 257, 258, 261, 262, 263, 266, 268, 269, 270, 273, 274, 275, 276, 277, 278, 279, 280, 281, 283, 285, 286, 287], "summary": {"covered_lines": 24, "num_statements": 27, "percent_covered": 88.88888888888889, "percent_covered_display": "89", "missing_lines": 3, "excluded_lines": 0, "percent_statements_covered": 88.88888888888889, "percent_statements_covered_display": "89"}, "missing_lines": [288, 289, 290], "excluded_lines": [], "start_line": 240}, "lowpass_filter": {"executed_lines": [307, 308, 309, 310, 313, 314, 315, 318, 320, 321, 324, 325, 326, 328, 330, 331, 332], "summary": {"covered_lines": 17, "num_statements": 20, "percent_covered": 85.0, "percent_covered_display": "85", "missing_lines": 3, "excluded_lines": 0, "percent_statements_covered": 85.0, "percent_statements_covered_display": "85"}, "missing_lines": [333, 334, 335], "excluded_lines": [], "start_line": 293}, "highpass_filter": {"executed_lines": [352, 353, 354, 355, 358, 359, 360, 363, 365, 366, 369, 370, 371, 373, 375, 376, 377], "summary": {"covered_lines": 17, "num_statements": 20, "percent_covered": 85.0, "percent_covered_display": "85", "missing_lines": 3, "excluded_lines": 0, "percent_statements_covered": 85.0, "percent_statements_covered_display": "85"}, "missing_lines": [378, 379, 380], "excluded_lines": [], "start_line": 338}, "notch_filter": {"executed_lines": [397, 398, 399, 400, 403, 404, 405, 407, 408, 411, 412, 413, 416, 417, 418, 420, 422, 424, 425, 426, 427], "summary": {"covered_lines": 21, "num_statements": 24, "percent_covered": 87.5, "percent_covered_display": "88", "missing_lines": 3, "excluded_lines": 0, "percent_statements_covered": 87.5, "percent_statements_covered_display": "88"}, "missing_lines": [428, 429, 430], "excluded_lines": [], "start_line": 383}, "comb_filter": {"executed_lines": [447, 448, 449, 450, 453, 454, 455, 457, 458, 460, 461, 462, 464, 465, 466, 468, 470, 472, 473, 474, 475], "summary": {"covered_lines": 21, "num_statements": 24, "percent_covered": 87.5, "percent_covered_display": "88", "missing_lines": 3, "excluded_lines": 0, "percent_statements_covered": 87.5, "percent_statements_covered_display": "88"}, "missing_lines": [476, 477, 478], "excluded_lines": [], "start_line": 433}, "subtract_baseline_mode": {"executed_lines": [493, 494, 496, 497, 498, 499, 503, 504, 507, 510, 514, 516, 517, 527, 528], "summary": {"covered_lines": 15, "num_statements": 21, "percent_covered": 71.42857142857143, "percent_covered_display": "71", "missing_lines": 6, "excluded_lines": 0, "percent_statements_covered": 71.42857142857143, "percent_statements_covered_display": "71"}, "missing_lines": [518, 519, 521, 523, 524, 525], "excluded_lines": [], "start_line": 481}, "subtract_baseline_mean": {"executed_lines": [533, 535], "summary": {"covered_lines": 2, "num_statements": 3, "percent_covered": 66.66666666666667, "percent_covered_display": "67", "missing_lines": 1, "excluded_lines": 0, "percent_statements_covered": 66.66666666666667, "percent_statements_covered_display": "67"}, "missing_lines": [534], "excluded_lines": [], "start_line": 531}, "subtract_baseline_median": {"executed_lines": [540, 542], "summary": {"covered_lines": 2, "num_statements": 3, "percent_covered": 66.66666666666667, "percent_covered_display": "67", "missing_lines": 1, "excluded_lines": 0, "percent_statements_covered": 66.66666666666667, "percent_statements_covered_display": "67"}, "missing_lines": [541], "excluded_lines": [], "start_line": 538}, "subtract_baseline_linear": {"executed_lines": [550, 551, 553, 554, 555, 556, 558], "summary": {"covered_lines": 7, "num_statements": 7, "percent_covered": 100.0, "percent_covered_display": "100", "missing_lines": 0, "excluded_lines": 0, "percent_statements_covered": 100.0, "percent_statements_covered_display": "100"}, "missing_lines": [], "excluded_lines": [], "start_line": 545}, "subtract_baseline_region": {"executed_lines": [571, 574, 575, 579, 580, 581], "summary": {"covered_lines": 6, "num_statements": 9, "percent_covered": 66.66666666666667, "percent_covered_display": "67", "missing_lines": 3, "excluded_lines": 0, "percent_statements_covered": 66.66666666666667, "percent_statements_covered_display": "67"}, "missing_lines": [572, 576, 577], "excluded_lines": [], "start_line": 561}, "blank_artifact": {"executed_lines": [616, 617, 618, 620, 621, 623, 624, 625, 628, 629, 630, 632, 633, 635, 636, 638, 639, 640, 642, 643, 644, 645, 646, 647, 649, 656], "summary": {"covered_lines": 26, "num_statements": 26, "percent_covered": 100.0, "percent_covered_display": "100", "missing_lines": 0, "excluded_lines": 0, "percent_statements_covered": 100.0, "percent_statements_covered_display": "100"}, "missing_lines": [], "excluded_lines": [], "start_line": 584}, "find_artifact_windows": {"executed_lines": [677, 678, 681, 682, 683, 685, 686, 688, 691, 694, 697, 700, 703, 704, 705, 709, 710, 711, 713, 717, 718, 719, 721, 723], "summary": {"covered_lines": 24, "num_statements": 24, "percent_covered": 100.0, "percent_covered_display": "100", "missing_lines": 0, "excluded_lines": 0, "percent_statements_covered": 100.0, "percent_statements_covered_display": "100"}, "missing_lines": [], "excluded_lines": [], "start_line": 659}, "compute_psd": {"executed_lines": [750, 751, 752, 753, 755, 756, 758, 759, 760, 762, 763, 764], "summary": {"covered_lines": 12, "num_statements": 15, "percent_covered": 80.0, "percent_covered_display": "80", "missing_lines": 3, "excluded_lines": 0, "percent_statements_covered": 80.0, "percent_statements_covered_display": "80"}, "missing_lines": [765, 766, 767], "excluded_lines": [], "start_line": 731}, "multi_harmonic_notch": {"executed_lines": [803, 804, 805, 806, 808, 809, 811, 812, 813, 816, 817, 818, 819, 820, 821, 822, 823, 828, 829, 830, 831, 832, 833, 839], "summary": {"covered_lines": 24, "num_statements": 30, "percent_covered": 80.0, "percent_covered_display": "80", "missing_lines": 6, "excluded_lines": 0, "percent_statements_covered": 80.0, "percent_statements_covered_display": "80"}, "missing_lines": [824, 825, 834, 835, 836, 837], "excluded_lines": [], "start_line": 775}, "": {"executed_lines": [6, 7, 9, 12, 26, 29, 47, 176, 202, 240, 293, 338, 383, 433, 481, 531, 538, 545, 561, 584, 659, 731, 775], "summary": {"covered_lines": 23, "num_statements": 23, "percent_covered": 100.0, "percent_covered_display": "100", "missing_lines": 0, "excluded_lines": 0, "percent_statements_covered": 100.0, "percent_statements_covered_display": "100"}, "missing_lines": [], "excluded_lines": [], "start_line": 1}}, "classes": {"": {"executed_lines": [6, 7, 9, 12, 17, 18, 19, 21, 26, 29, 39, 40, 41, 42, 43, 44, 47, 63, 64, 72, 74, 76, 77, 78, 79, 80, 84, 85, 88, 89, 90, 94, 100, 101, 102, 109, 112, 113, 114, 116, 119, 123, 125, 127, 128, 130, 131, 133, 134, 135, 136, 140, 141, 142, 143, 144, 152, 153, 154, 157, 158, 173, 176, 189, 190, 193, 194, 196, 198, 199, 202, 212, 213, 214, 217, 218, 219, 222, 223, 224, 227, 228, 229, 232, 233, 234, 235, 237, 240, 255, 256, 257, 258, 261, 262, 263, 266, 268, 269, 270, 273, 274, 275, 276, 277, 278, 279, 280, 281, 283, 285, 286, 287, 293, 307, 308, 309, 310, 313, 314, 315, 318, 320, 321, 324, 325, 326, 328, 330, 331, 332, 338, 352, 353, 354, 355, 358, 359, 360, 363, 365, 366, 369, 370, 371, 373, 375, 376, 377, 383, 397, 398, 399, 400, 403, 404, 405, 407, 408, 411, 412, 413, 416, 417, 418, 420, 422, 424, 425, 426, 427, 433, 447, 448, 449, 450, 453, 454, 455, 457, 458, 460, 461, 462, 464, 465, 466, 468, 470, 472, 473, 474, 475, 481, 493, 494, 496, 497, 498, 499, 503, 504, 507, 510, 514, 516, 517, 527, 528, 531, 533, 535, 538, 540, 542, 545, 550, 551, 553, 554, 555, 556, 558, 561, 571, 574, 575, 579, 580, 581, 584, 616, 617, 618, 620, 621, 623, 624, 625, 628, 629, 630, 632, 633, 635, 636, 638, 639, 640, 642, 643, 644, 645, 646, 647, 649, 656, 659, 677, 678, 681, 682, 683, 685, 686, 688, 691, 694, 697, 700, 703, 704, 705, 709, 710, 711, 713, 717, 718, 719, 721, 723, 731, 750, 751, 752, 753, 755, 756, 758, 759, 760, 762, 763, 764, 775, 803, 804, 805, 806, 808, 809, 811, 812, 813, 816, 817, 818, 819, 820, 821, 822, 823, 828, 829, 830, 831, 832, 833, 839], "summary": {"covered_lines": 320, "num_statements": 368, "percent_covered": 86.95652173913044, "percent_covered_display": "87", "missing_lines": 48, "excluded_lines": 0, "percent_statements_covered": 86.95652173913044, "percent_statements_covered_display": "87"}, "missing_lines": [22, 23, 95, 115, 159, 163, 164, 166, 168, 169, 170, 171, 191, 288, 289, 290, 333, 334, 335, 378, 379, 380, 428, 429, 430, 476, 477, 478, 518, 519, 521, 523, 524, 525, 534, 541, 572, 576, 577, 765, 766, 767, 824, 825, 834, 835, 836, 837], "excluded_lines": [], "start_line": 1}}}, "src/Synaptipy/core/source_interfaces.py": {"executed_lines": [2, 4, 7, 13, 14, 18, 22, 26], "summary": {"covered_lines": 8, "num_statements": 12, "percent_covered": 66.66666666666667, "percent_covered_display": "67", "missing_lines": 4, "excluded_lines": 0, "percent_statements_covered": 66.66666666666667, "percent_statements_covered_display": "67"}, "missing_lines": [16, 20, 24, 28], "excluded_lines": [], "functions": {"SourceHandle.source_identifier": {"executed_lines": [], "summary": {"covered_lines": 0, "num_statements": 1, "percent_covered": 0.0, "percent_covered_display": "0", "missing_lines": 1, "excluded_lines": 0, "percent_statements_covered": 0.0, "percent_statements_covered_display": "0"}, "missing_lines": [16], "excluded_lines": [], "start_line": 14}, "SourceHandle.load_channel_data": {"executed_lines": [], "summary": {"covered_lines": 0, "num_statements": 1, "percent_covered": 0.0, "percent_covered_display": "0", "missing_lines": 1, "excluded_lines": 0, "percent_statements_covered": 0.0, "percent_statements_covered_display": "0"}, "missing_lines": [20], "excluded_lines": [], "start_line": 18}, "SourceHandle.get_metadata": {"executed_lines": [], "summary": {"covered_lines": 0, "num_statements": 1, "percent_covered": 0.0, "percent_covered_display": "0", "missing_lines": 1, "excluded_lines": 0, "percent_statements_covered": 0.0, "percent_statements_covered_display": "0"}, "missing_lines": [24], "excluded_lines": [], "start_line": 22}, "SourceHandle.close": {"executed_lines": [], "summary": {"covered_lines": 0, "num_statements": 1, "percent_covered": 0.0, "percent_covered_display": "0", "missing_lines": 1, "excluded_lines": 0, "percent_statements_covered": 0.0, "percent_statements_covered_display": "0"}, "missing_lines": [28], "excluded_lines": [], "start_line": 26}, "": {"executed_lines": [2, 4, 7, 13, 14, 18, 22, 26], "summary": {"covered_lines": 8, "num_statements": 8, "percent_covered": 100.0, "percent_covered_display": "100", "missing_lines": 0, "excluded_lines": 0, "percent_statements_covered": 100.0, "percent_statements_covered_display": "100"}, "missing_lines": [], "excluded_lines": [], "start_line": 1}}, "classes": {"SourceHandle": {"executed_lines": [], "summary": {"covered_lines": 0, "num_statements": 4, "percent_covered": 0.0, "percent_covered_display": "0", "missing_lines": 4, "excluded_lines": 0, "percent_statements_covered": 0.0, "percent_statements_covered_display": "0"}, "missing_lines": [16, 20, 24, 28], "excluded_lines": [], "start_line": 7}, "": {"executed_lines": [2, 4, 7, 13, 14, 18, 22, 26], "summary": {"covered_lines": 8, "num_statements": 8, "percent_covered": 100.0, "percent_covered_display": "100", "missing_lines": 0, "excluded_lines": 0, "percent_statements_covered": 100.0, "percent_statements_covered_display": "100"}, "missing_lines": [], "excluded_lines": [], "start_line": 1}}}}, "totals": {"covered_lines": 2860, "num_statements": 3502, "percent_covered": 81.66761850371216, "percent_covered_display": "82", "missing_lines": 642, "excluded_lines": 0, "percent_statements_covered": 81.66761850371216, "percent_statements_covered_display": "82"}}